{"/Users/Mora/Workspace/node/vscode/dot-template/src/common/helper.ts":{"path":"/Users/Mora/Workspace/node/vscode/dot-template/src/common/helper.ts","statementMap":{"0":{"start":{"line":2,"column":0},"end":{"line":2,"column":62}},"1":{"start":{"line":3,"column":14},"end":{"line":3,"column":30}},"2":{"start":{"line":4,"column":27},"end":{"line":4,"column":32}},"3":{"start":{"line":6,"column":4},"end":{"line":7,"column":15}},"4":{"start":{"line":7,"column":8},"end":{"line":7,"column":15}},"5":{"start":{"line":8,"column":4},"end":{"line":8,"column":32}},"6":{"start":{"line":9,"column":4},"end":{"line":9,"column":32}},"7":{"start":{"line":11,"column":0},"end":{"line":11,"column":50}},"8":{"start":{"line":23,"column":4},"end":{"line":60,"column":7}},"9":{"start":{"line":24,"column":20},"end":{"line":24,"column":24}},"10":{"start":{"line":26,"column":8},"end":{"line":59,"column":11}},"11":{"start":{"line":27,"column":12},"end":{"line":58,"column":13}},"12":{"start":{"line":29,"column":20},"end":{"line":29,"column":32}},"13":{"start":{"line":30,"column":20},"end":{"line":31,"column":54}},"14":{"start":{"line":31,"column":24},"end":{"line":31,"column":54}},"15":{"start":{"line":32,"column":20},"end":{"line":52,"column":31}},"16":{"start":{"line":33,"column":24},"end":{"line":46,"column":30}},"17":{"start":{"line":33,"column":45},"end":{"line":46,"column":27}},"18":{"start":{"line":35,"column":28},"end":{"line":45,"column":31}},"19":{"start":{"line":36,"column":32},"end":{"line":44,"column":33}},"20":{"start":{"line":38,"column":40},"end":{"line":38,"column":64}},"21":{"start":{"line":39,"column":40},"end":{"line":39,"column":69}},"22":{"start":{"line":41,"column":40},"end":{"line":41,"column":66}},"23":{"start":{"line":42,"column":40},"end":{"line":42,"column":88}},"24":{"start":{"line":43,"column":44},"end":{"line":43,"column":77}},"25":{"start":{"line":47,"column":37},"end":{"line":52,"column":27}},"26":{"start":{"line":47,"column":99},"end":{"line":52,"column":23}},"27":{"start":{"line":48,"column":24},"end":{"line":51,"column":25}},"28":{"start":{"line":49,"column":36},"end":{"line":49,"column":82}},"29":{"start":{"line":50,"column":36},"end":{"line":50,"column":69}},"30":{"start":{"line":53,"column":20},"end":{"line":53,"column":44}},"31":{"start":{"line":54,"column":20},"end":{"line":54,"column":51}},"32":{"start":{"line":56,"column":20},"end":{"line":56,"column":46}},"33":{"start":{"line":57,"column":20},"end":{"line":57,"column":50}},"34":{"start":{"line":62,"column":0},"end":{"line":62,"column":24}},"35":{"start":{"line":67,"column":4},"end":{"line":77,"column":11}},"36":{"start":{"line":68,"column":8},"end":{"line":75,"column":9}},"37":{"start":{"line":69,"column":12},"end":{"line":70,"column":34}},"38":{"start":{"line":69,"column":44},"end":{"line":69,"column":84}},"39":{"start":{"line":70,"column":16},"end":{"line":70,"column":34}},"40":{"start":{"line":73,"column":12},"end":{"line":74,"column":34}},"41":{"start":{"line":74,"column":16},"end":{"line":74,"column":34}},"42":{"start":{"line":76,"column":8},"end":{"line":76,"column":22}},"43":{"start":{"line":79,"column":0},"end":{"line":79,"column":24}}},"fnMap":{"0":{"name":"enableRequireTsFile","decl":{"start":{"line":5,"column":9},"end":{"line":5,"column":28}},"loc":{"start":{"line":5,"column":31},"end":{"line":10,"column":1}},"line":5},"1":{"name":"series","decl":{"start":{"line":22,"column":9},"end":{"line":22,"column":15}},"loc":{"start":{"line":22,"column":28},"end":{"line":61,"column":1}},"line":22},"2":{"name":"(anonymous_2)","decl":{"start":{"line":23,"column":51},"end":{"line":23,"column":52}},"loc":{"start":{"line":23,"column":63},"end":{"line":60,"column":5}},"line":23},"3":{"name":"(anonymous_3)","decl":{"start":{"line":26,"column":41},"end":{"line":26,"column":42}},"loc":{"start":{"line":26,"column":55},"end":{"line":59,"column":9}},"line":26},"4":{"name":"(anonymous_4)","decl":{"start":{"line":32,"column":51},"end":{"line":32,"column":52}},"loc":{"start":{"line":32,"column":85},"end":{"line":47,"column":21}},"line":32},"5":{"name":"(anonymous_5)","decl":{"start":{"line":33,"column":31},"end":{"line":33,"column":32}},"loc":{"start":{"line":33,"column":43},"end":{"line":46,"column":29}},"line":33},"6":{"name":"(anonymous_6)","decl":{"start":{"line":33,"column":93},"end":{"line":33,"column":94}},"loc":{"start":{"line":33,"column":105},"end":{"line":46,"column":25}},"line":33},"7":{"name":"(anonymous_7)","decl":{"start":{"line":35,"column":61},"end":{"line":35,"column":62}},"loc":{"start":{"line":35,"column":75},"end":{"line":45,"column":29}},"line":35},"8":{"name":"(anonymous_8)","decl":{"start":{"line":47,"column":23},"end":{"line":47,"column":24}},"loc":{"start":{"line":47,"column":35},"end":{"line":52,"column":29}},"line":47},"9":{"name":"(anonymous_9)","decl":{"start":{"line":47,"column":85},"end":{"line":47,"column":86}},"loc":{"start":{"line":47,"column":97},"end":{"line":52,"column":25}},"line":47},"10":{"name":"(anonymous_10)","decl":{"start":{"line":47,"column":132},"end":{"line":47,"column":133}},"loc":{"start":{"line":47,"column":146},"end":{"line":52,"column":21}},"line":47},"11":{"name":"unique","decl":{"start":{"line":66,"column":9},"end":{"line":66,"column":15}},"loc":{"start":{"line":66,"column":34},"end":{"line":78,"column":1}},"line":66},"12":{"name":"(anonymous_12)","decl":{"start":{"line":67,"column":24},"end":{"line":67,"column":25}},"loc":{"start":{"line":67,"column":48},"end":{"line":77,"column":5}},"line":67},"13":{"name":"(anonymous_13)","decl":{"start":{"line":69,"column":29},"end":{"line":69,"column":30}},"loc":{"start":{"line":69,"column":42},"end":{"line":69,"column":86}},"line":69}},"branchMap":{"0":{"loc":{"start":{"line":6,"column":4},"end":{"line":7,"column":15}},"type":"if","locations":[{"start":{"line":6,"column":4},"end":{"line":7,"column":15}},{"start":{"line":6,"column":4},"end":{"line":7,"column":15}}],"line":6},"1":{"loc":{"start":{"line":27,"column":12},"end":{"line":58,"column":13}},"type":"switch","locations":[{"start":{"line":28,"column":16},"end":{"line":54,"column":51}},{"start":{"line":55,"column":16},"end":{"line":57,"column":50}}],"line":27},"2":{"loc":{"start":{"line":30,"column":20},"end":{"line":31,"column":54}},"type":"if","locations":[{"start":{"line":30,"column":20},"end":{"line":31,"column":54}},{"start":{"line":30,"column":20},"end":{"line":31,"column":54}}],"line":30},"3":{"loc":{"start":{"line":36,"column":32},"end":{"line":44,"column":33}},"type":"switch","locations":[{"start":{"line":37,"column":36},"end":{"line":39,"column":69}},{"start":{"line":40,"column":36},"end":{"line":42,"column":88}},{"start":{"line":43,"column":36},"end":{"line":43,"column":77}}],"line":36},"4":{"loc":{"start":{"line":48,"column":24},"end":{"line":51,"column":25}},"type":"switch","locations":[{"start":{"line":49,"column":28},"end":{"line":49,"column":82}},{"start":{"line":50,"column":28},"end":{"line":50,"column":69}}],"line":48},"5":{"loc":{"start":{"line":68,"column":8},"end":{"line":75,"column":9}},"type":"if","locations":[{"start":{"line":68,"column":8},"end":{"line":75,"column":9}},{"start":{"line":68,"column":8},"end":{"line":75,"column":9}}],"line":68},"6":{"loc":{"start":{"line":69,"column":12},"end":{"line":70,"column":34}},"type":"if","locations":[{"start":{"line":69,"column":12},"end":{"line":70,"column":34}},{"start":{"line":69,"column":12},"end":{"line":70,"column":34}}],"line":69},"7":{"loc":{"start":{"line":73,"column":12},"end":{"line":74,"column":34}},"type":"if","locations":[{"start":{"line":73,"column":12},"end":{"line":74,"column":34}},{"start":{"line":73,"column":12},"end":{"line":74,"column":34}}],"line":73}},"s":{"0":1,"1":1,"2":1,"3":0,"4":0,"5":0,"6":0,"7":1,"8":0,"9":0,"10":0,"11":0,"12":0,"13":0,"14":0,"15":0,"16":0,"17":0,"18":0,"19":0,"20":0,"21":0,"22":0,"23":0,"24":0,"25":0,"26":0,"27":0,"28":0,"29":0,"30":0,"31":0,"32":0,"33":0,"34":1,"35":7,"36":4,"37":0,"38":0,"39":0,"40":4,"41":4,"42":4,"43":1},"f":{"0":0,"1":0,"2":0,"3":0,"4":0,"5":0,"6":0,"7":0,"8":0,"9":0,"10":0,"11":7,"12":4,"13":0},"b":{"0":[0,0],"1":[0,0],"2":[0,0],"3":[0,0,0],"4":[0,0],"5":[0,4],"6":[0,0],"7":[4,0]},"_coverageSchema":"332fd63041d2c1bcb487cc26dd0d5f7d97098a6c","hash":"a37a029eb55b18f69024b5c063b3be3f8d751323","contentHash":"b2d82b81a92e89385873e50d74831f82_11.2.1"},"/Users/Mora/Workspace/node/vscode/dot-template/src/common/transformer.ts":{"path":"/Users/Mora/Workspace/node/vscode/dot-template/src/common/transformer.ts","statementMap":{"0":{"start":{"line":2,"column":0},"end":{"line":2,"column":62}},"1":{"start":{"line":4,"column":15},"end":{"line":8,"column":3}},"2":{"start":{"line":5,"column":16},"end":{"line":5,"column":45}},"3":{"start":{"line":6,"column":16},"end":{"line":6,"column":46}},"4":{"start":{"line":7,"column":4},"end":{"line":7,"column":111}},"5":{"start":{"line":10,"column":18},"end":{"line":10,"column":36}},"6":{"start":{"line":11,"column":4},"end":{"line":11,"column":50}},"7":{"start":{"line":13,"column":0},"end":{"line":46,"column":2}},"8":{"start":{"line":18,"column":8},"end":{"line":20,"column":11}},"9":{"start":{"line":19,"column":12},"end":{"line":19,"column":100}},"10":{"start":{"line":26,"column":8},"end":{"line":28,"column":11}},"11":{"start":{"line":27,"column":12},"end":{"line":27,"column":73}},"12":{"start":{"line":34,"column":8},"end":{"line":36,"column":11}},"13":{"start":{"line":35,"column":12},"end":{"line":35,"column":68}},"14":{"start":{"line":42,"column":8},"end":{"line":44,"column":11}},"15":{"start":{"line":43,"column":12},"end":{"line":43,"column":68}}},"fnMap":{"0":{"name":"(anonymous_0)","decl":{"start":{"line":4,"column":15},"end":{"line":4,"column":16}},"loc":{"start":{"line":4,"column":27},"end":{"line":8,"column":1}},"line":4},"1":{"name":"wrap","decl":{"start":{"line":9,"column":9},"end":{"line":9,"column":13}},"loc":{"start":{"line":9,"column":23},"end":{"line":12,"column":1}},"line":9},"2":{"name":"(anonymous_2)","decl":{"start":{"line":17,"column":11},"end":{"line":17,"column":12}},"loc":{"start":{"line":17,"column":26},"end":{"line":21,"column":5}},"line":17},"3":{"name":"(anonymous_3)","decl":{"start":{"line":18,"column":25},"end":{"line":18,"column":26}},"loc":{"start":{"line":18,"column":56},"end":{"line":20,"column":9}},"line":18},"4":{"name":"(anonymous_4)","decl":{"start":{"line":25,"column":16},"end":{"line":25,"column":17}},"loc":{"start":{"line":25,"column":31},"end":{"line":29,"column":5}},"line":25},"5":{"name":"(anonymous_5)","decl":{"start":{"line":26,"column":25},"end":{"line":26,"column":26}},"loc":{"start":{"line":26,"column":56},"end":{"line":28,"column":9}},"line":26},"6":{"name":"(anonymous_6)","decl":{"start":{"line":33,"column":11},"end":{"line":33,"column":12}},"loc":{"start":{"line":33,"column":26},"end":{"line":37,"column":5}},"line":33},"7":{"name":"(anonymous_7)","decl":{"start":{"line":34,"column":25},"end":{"line":34,"column":26}},"loc":{"start":{"line":34,"column":56},"end":{"line":36,"column":9}},"line":34},"8":{"name":"(anonymous_8)","decl":{"start":{"line":41,"column":11},"end":{"line":41,"column":12}},"loc":{"start":{"line":41,"column":26},"end":{"line":45,"column":5}},"line":41},"9":{"name":"(anonymous_9)","decl":{"start":{"line":42,"column":25},"end":{"line":42,"column":26}},"loc":{"start":{"line":42,"column":56},"end":{"line":44,"column":9}},"line":42}},"branchMap":{"0":{"loc":{"start":{"line":11,"column":11},"end":{"line":11,"column":49}},"type":"cond-expr","locations":[{"start":{"line":11,"column":21},"end":{"line":11,"column":43}},{"start":{"line":11,"column":46},"end":{"line":11,"column":49}}],"line":11},"1":{"loc":{"start":{"line":19,"column":43},"end":{"line":19,"column":80}},"type":"cond-expr","locations":[{"start":{"line":19,"column":51},"end":{"line":19,"column":64}},{"start":{"line":19,"column":67},"end":{"line":19,"column":80}}],"line":19},"2":{"loc":{"start":{"line":35,"column":29},"end":{"line":35,"column":45}},"type":"cond-expr","locations":[{"start":{"line":35,"column":37},"end":{"line":35,"column":40}},{"start":{"line":35,"column":43},"end":{"line":35,"column":45}}],"line":35},"3":{"loc":{"start":{"line":43,"column":29},"end":{"line":43,"column":45}},"type":"cond-expr","locations":[{"start":{"line":43,"column":37},"end":{"line":43,"column":40}},{"start":{"line":43,"column":43},"end":{"line":43,"column":45}}],"line":43}},"s":{"0":1,"1":1,"2":1,"3":1,"4":1,"5":32,"6":32,"7":1,"8":8,"9":8,"10":8,"11":8,"12":8,"13":8,"14":8,"15":8},"f":{"0":1,"1":32,"2":8,"3":8,"4":8,"5":8,"6":8,"7":8,"8":8,"9":8},"b":{"0":[32,0],"1":[0,8],"2":[0,8],"3":[0,8]},"_coverageSchema":"332fd63041d2c1bcb487cc26dd0d5f7d97098a6c","hash":"6ce2f0a438fd1ddea0303001082b509d690b20bc","contentHash":"05fe52cc370746d24e434878d8df50a8_11.2.1"},"/Users/Mora/Workspace/node/vscode/dot-template/src/core/common.ts":{"path":"/Users/Mora/Workspace/node/vscode/dot-template/src/core/common.ts","statementMap":{"0":{"start":{"line":2,"column":0},"end":{"line":2,"column":62}},"1":{"start":{"line":3,"column":14},"end":{"line":3,"column":30}},"2":{"start":{"line":4,"column":0},"end":{"line":4,"column":59}},"3":{"start":{"line":5,"column":0},"end":{"line":5,"column":62}},"4":{"start":{"line":6,"column":0},"end":{"line":6,"column":64}}},"fnMap":{},"branchMap":{},"s":{"0":1,"1":1,"2":1,"3":1,"4":1},"f":{},"b":{},"_coverageSchema":"332fd63041d2c1bcb487cc26dd0d5f7d97098a6c","hash":"36336e0b6c91164aac33da311b73a5b7398366d0","contentHash":"51103fafaba14bf69ffda01a331fbb1c_11.2.1"},"/Users/Mora/Workspace/node/vscode/dot-template/src/common/interface.ts":{"path":"/Users/Mora/Workspace/node/vscode/dot-template/src/common/interface.ts","statementMap":{"0":{"start":{"line":2,"column":0},"end":{"line":2,"column":62}},"1":{"start":{"line":3,"column":15},"end":{"line":3,"column":45}},"2":{"start":{"line":4,"column":0},"end":{"line":4,"column":33}}},"fnMap":{},"branchMap":{},"s":{"0":1,"1":1,"2":1},"f":{},"b":{},"_coverageSchema":"332fd63041d2c1bcb487cc26dd0d5f7d97098a6c","hash":"c506612da6c79460cd5cc0a6a837285aa2f0271e","contentHash":"d527c8631a562e897ccda0447f4b9e08_11.2.1"},"/Users/Mora/Workspace/node/vscode/dot-template/src/core/file/Source.ts":{"path":"/Users/Mora/Workspace/node/vscode/dot-template/src/core/file/Source.ts","statementMap":{"0":{"start":{"line":2,"column":0},"end":{"line":2,"column":62}},"1":{"start":{"line":3,"column":14},"end":{"line":3,"column":30}},"2":{"start":{"line":4,"column":11},"end":{"line":4,"column":26}},"3":{"start":{"line":5,"column":16},"end":{"line":5,"column":36}},"4":{"start":{"line":6,"column":9},"end":{"line":6,"column":28}},"5":{"start":{"line":7,"column":17},"end":{"line":7,"column":38}},"6":{"start":{"line":8,"column":15},"end":{"line":8,"column":35}},"7":{"start":{"line":9,"column":28},"end":{"line":193,"column":3}},"8":{"start":{"line":11,"column":8},"end":{"line":11,"column":23}},"9":{"start":{"line":12,"column":8},"end":{"line":12,"column":33}},"10":{"start":{"line":14,"column":8},"end":{"line":17,"column":21}},"11":{"start":{"line":15,"column":12},"end":{"line":15,"column":42}},"12":{"start":{"line":18,"column":8},"end":{"line":18,"column":30}},"13":{"start":{"line":19,"column":8},"end":{"line":19,"column":53}},"14":{"start":{"line":20,"column":8},"end":{"line":20,"column":63}},"15":{"start":{"line":21,"column":8},"end":{"line":21,"column":87}},"16":{"start":{"line":22,"column":8},"end":{"line":22,"column":80}},"17":{"start":{"line":24,"column":4},"end":{"line":69,"column":7}},"18":{"start":{"line":26,"column":12},"end":{"line":64,"column":13}},"19":{"start":{"line":27,"column":24},"end":{"line":27,"column":34}},"20":{"start":{"line":28,"column":26},"end":{"line":28,"column":71}},"21":{"start":{"line":28,"column":41},"end":{"line":28,"column":69}},"22":{"start":{"line":29,"column":27},"end":{"line":29,"column":94}},"23":{"start":{"line":30,"column":27},"end":{"line":30,"column":76}},"24":{"start":{"line":31,"column":31},"end":{"line":31,"column":48}},"25":{"start":{"line":32,"column":31},"end":{"line":32,"column":48}},"26":{"start":{"line":33,"column":30},"end":{"line":33,"column":65}},"27":{"start":{"line":34,"column":26},"end":{"line":34,"column":28}},"28":{"start":{"line":35,"column":16},"end":{"line":38,"column":29}},"29":{"start":{"line":36,"column":20},"end":{"line":36,"column":71}},"30":{"start":{"line":39,"column":25},"end":{"line":39,"column":29}},"31":{"start":{"line":39,"column":42},"end":{"line":39,"column":53}},"32":{"start":{"line":39,"column":74},"end":{"line":39,"column":93}},"33":{"start":{"line":40,"column":30},"end":{"line":40,"column":52}},"34":{"start":{"line":41,"column":30},"end":{"line":41,"column":52}},"35":{"start":{"line":42,"column":31},"end":{"line":42,"column":63}},"36":{"start":{"line":43,"column":30},"end":{"line":43,"column":52}},"37":{"start":{"line":44,"column":16},"end":{"line":63,"column":18}},"38":{"start":{"line":65,"column":12},"end":{"line":65,"column":35}},"39":{"start":{"line":70,"column":4},"end":{"line":72,"column":6}},"40":{"start":{"line":71,"column":8},"end":{"line":71,"column":75}},"41":{"start":{"line":73,"column":4},"end":{"line":100,"column":6}},"42":{"start":{"line":74,"column":20},"end":{"line":74,"column":24}},"43":{"start":{"line":75,"column":29},"end":{"line":75,"column":73}},"44":{"start":{"line":76,"column":26},"end":{"line":76,"column":129}},"45":{"start":{"line":76,"column":90},"end":{"line":76,"column":126}},"46":{"start":{"line":79,"column":8},"end":{"line":81,"column":9}},"47":{"start":{"line":80,"column":12},"end":{"line":80,"column":103}},"48":{"start":{"line":80,"column":60},"end":{"line":80,"column":99}},"49":{"start":{"line":82,"column":8},"end":{"line":82,"column":82}},"50":{"start":{"line":83,"column":8},"end":{"line":97,"column":9}},"51":{"start":{"line":84,"column":29},"end":{"line":84,"column":46}},"52":{"start":{"line":85,"column":12},"end":{"line":96,"column":13}},"53":{"start":{"line":86,"column":33},"end":{"line":86,"column":76}},"54":{"start":{"line":87,"column":29},"end":{"line":87,"column":80}},"55":{"start":{"line":88,"column":16},"end":{"line":95,"column":17}},"56":{"start":{"line":89,"column":39},"end":{"line":89,"column":108}},"57":{"start":{"line":90,"column":20},"end":{"line":94,"column":21}},"58":{"start":{"line":91,"column":43},"end":{"line":91,"column":86}},"59":{"start":{"line":92,"column":24},"end":{"line":92,"column":102}},"60":{"start":{"line":93,"column":24},"end":{"line":93,"column":171}},"61":{"start":{"line":98,"column":8},"end":{"line":98,"column":130}},"62":{"start":{"line":99,"column":8},"end":{"line":99,"column":15}},"63":{"start":{"line":104,"column":4},"end":{"line":138,"column":6}},"64":{"start":{"line":105,"column":20},"end":{"line":105,"column":24}},"65":{"start":{"line":106,"column":38},"end":{"line":106,"column":84}},"66":{"start":{"line":107,"column":8},"end":{"line":137,"column":11}},"67":{"start":{"line":108,"column":26},"end":{"line":108,"column":76}},"68":{"start":{"line":109,"column":12},"end":{"line":136,"column":15}},"69":{"start":{"line":110,"column":29},"end":{"line":110,"column":34}},"70":{"start":{"line":111,"column":16},"end":{"line":121,"column":17}},"71":{"start":{"line":112,"column":20},"end":{"line":117,"column":21}},"72":{"start":{"line":113,"column":24},"end":{"line":113,"column":62}},"73":{"start":{"line":116,"column":24},"end":{"line":116,"column":143}},"74":{"start":{"line":119,"column":21},"end":{"line":121,"column":17}},"75":{"start":{"line":120,"column":20},"end":{"line":120,"column":101}},"76":{"start":{"line":122,"column":16},"end":{"line":134,"column":17}},"77":{"start":{"line":123,"column":39},"end":{"line":123,"column":71}},"78":{"start":{"line":124,"column":20},"end":{"line":133,"column":21}},"79":{"start":{"line":125,"column":24},"end":{"line":125,"column":154}},"80":{"start":{"line":126,"column":24},"end":{"line":126,"column":39}},"81":{"start":{"line":129,"column":36},"end":{"line":129,"column":61}},"82":{"start":{"line":130,"column":24},"end":{"line":132,"column":25}},"83":{"start":{"line":131,"column":28},"end":{"line":131,"column":43}},"84":{"start":{"line":135,"column":16},"end":{"line":135,"column":30}},"85":{"start":{"line":142,"column":4},"end":{"line":157,"column":6}},"86":{"start":{"line":143,"column":8},"end":{"line":144,"column":43}},"87":{"start":{"line":144,"column":12},"end":{"line":144,"column":43}},"88":{"start":{"line":145,"column":8},"end":{"line":145,"column":58}},"89":{"start":{"line":146,"column":18},"end":{"line":146,"column":37}},"90":{"start":{"line":148,"column":8},"end":{"line":152,"column":9}},"91":{"start":{"line":149,"column":21},"end":{"line":149,"column":74}},"92":{"start":{"line":150,"column":12},"end":{"line":151,"column":77}},"93":{"start":{"line":151,"column":16},"end":{"line":151,"column":77}},"94":{"start":{"line":153,"column":8},"end":{"line":155,"column":9}},"95":{"start":{"line":154,"column":12},"end":{"line":154,"column":120}},"96":{"start":{"line":156,"column":8},"end":{"line":156,"column":22}},"97":{"start":{"line":161,"column":4},"end":{"line":176,"column":6}},"98":{"start":{"line":163,"column":20},"end":{"line":163,"column":42}},"99":{"start":{"line":164,"column":8},"end":{"line":171,"column":9}},"100":{"start":{"line":165,"column":20},"end":{"line":165,"column":31}},"101":{"start":{"line":166,"column":20},"end":{"line":166,"column":44}},"102":{"start":{"line":167,"column":12},"end":{"line":170,"column":13}},"103":{"start":{"line":168,"column":16},"end":{"line":168,"column":27}},"104":{"start":{"line":169,"column":16},"end":{"line":169,"column":22}},"105":{"start":{"line":172,"column":8},"end":{"line":174,"column":9}},"106":{"start":{"line":173,"column":12},"end":{"line":173,"column":103}},"107":{"start":{"line":175,"column":8},"end":{"line":175,"column":22}},"108":{"start":{"line":180,"column":4},"end":{"line":191,"column":6}},"109":{"start":{"line":181,"column":21},"end":{"line":181,"column":23}},"110":{"start":{"line":182,"column":18},"end":{"line":182,"column":31}},"111":{"start":{"line":183,"column":8},"end":{"line":183,"column":25}},"112":{"start":{"line":184,"column":8},"end":{"line":187,"column":9}},"113":{"start":{"line":185,"column":12},"end":{"line":185,"column":42}},"114":{"start":{"line":186,"column":12},"end":{"line":186,"column":29}},"115":{"start":{"line":188,"column":8},"end":{"line":189,"column":42}},"116":{"start":{"line":189,"column":12},"end":{"line":189,"column":42}},"117":{"start":{"line":190,"column":8},"end":{"line":190,"column":22}},"118":{"start":{"line":192,"column":4},"end":{"line":192,"column":18}},"119":{"start":{"line":194,"column":0},"end":{"line":194,"column":24}}},"fnMap":{"0":{"name":"(anonymous_0)","decl":{"start":{"line":9,"column":28},"end":{"line":9,"column":29}},"loc":{"start":{"line":9,"column":40},"end":{"line":193,"column":1}},"line":9},"1":{"name":"Source","decl":{"start":{"line":10,"column":13},"end":{"line":10,"column":19}},"loc":{"start":{"line":10,"column":35},"end":{"line":23,"column":5}},"line":10},"2":{"name":"(anonymous_2)","decl":{"start":{"line":25,"column":13},"end":{"line":25,"column":14}},"loc":{"start":{"line":25,"column":25},"end":{"line":66,"column":9}},"line":25},"3":{"name":"(anonymous_3)","decl":{"start":{"line":28,"column":26},"end":{"line":28,"column":27}},"loc":{"start":{"line":28,"column":39},"end":{"line":28,"column":71}},"line":28},"4":{"name":"(anonymous_4)","decl":{"start":{"line":70,"column":38},"end":{"line":70,"column":39}},"loc":{"start":{"line":70,"column":78},"end":{"line":72,"column":5}},"line":70},"5":{"name":"(anonymous_5)","decl":{"start":{"line":73,"column":29},"end":{"line":73,"column":30}},"loc":{"start":{"line":73,"column":60},"end":{"line":100,"column":5}},"line":73},"6":{"name":"(anonymous_6)","decl":{"start":{"line":76,"column":75},"end":{"line":76,"column":76}},"loc":{"start":{"line":76,"column":88},"end":{"line":76,"column":128}},"line":76},"7":{"name":"(anonymous_7)","decl":{"start":{"line":80,"column":45},"end":{"line":80,"column":46}},"loc":{"start":{"line":80,"column":58},"end":{"line":80,"column":101}},"line":80},"8":{"name":"(anonymous_8)","decl":{"start":{"line":104,"column":47},"end":{"line":104,"column":48}},"loc":{"start":{"line":104,"column":98},"end":{"line":138,"column":5}},"line":104},"9":{"name":"(anonymous_9)","decl":{"start":{"line":107,"column":37},"end":{"line":107,"column":38}},"loc":{"start":{"line":107,"column":50},"end":{"line":137,"column":9}},"line":107},"10":{"name":"(anonymous_10)","decl":{"start":{"line":109,"column":34},"end":{"line":109,"column":35}},"loc":{"start":{"line":109,"column":47},"end":{"line":136,"column":13}},"line":109},"11":{"name":"(anonymous_11)","decl":{"start":{"line":142,"column":38},"end":{"line":142,"column":39}},"loc":{"start":{"line":142,"column":60},"end":{"line":157,"column":5}},"line":142},"12":{"name":"(anonymous_12)","decl":{"start":{"line":161,"column":50},"end":{"line":161,"column":51}},"loc":{"start":{"line":161,"column":72},"end":{"line":176,"column":5}},"line":161},"13":{"name":"(anonymous_13)","decl":{"start":{"line":180,"column":61},"end":{"line":180,"column":62}},"loc":{"start":{"line":180,"column":73},"end":{"line":191,"column":5}},"line":180}},"branchMap":{"0":{"loc":{"start":{"line":19,"column":22},"end":{"line":19,"column":52}},"type":"cond-expr","locations":[{"start":{"line":19,"column":30},"end":{"line":19,"column":44}},{"start":{"line":19,"column":47},"end":{"line":19,"column":52}}],"line":19},"1":{"loc":{"start":{"line":20,"column":27},"end":{"line":20,"column":62}},"type":"cond-expr","locations":[{"start":{"line":20,"column":35},"end":{"line":20,"column":54}},{"start":{"line":20,"column":57},"end":{"line":20,"column":62}}],"line":20},"2":{"loc":{"start":{"line":21,"column":27},"end":{"line":21,"column":86}},"type":"cond-expr","locations":[{"start":{"line":21,"column":41},"end":{"line":21,"column":81}},{"start":{"line":21,"column":84},"end":{"line":21,"column":86}}],"line":21},"3":{"loc":{"start":{"line":26,"column":12},"end":{"line":64,"column":13}},"type":"if","locations":[{"start":{"line":26,"column":12},"end":{"line":64,"column":13}},{"start":{"line":26,"column":12},"end":{"line":64,"column":13}}],"line":26},"4":{"loc":{"start":{"line":28,"column":48},"end":{"line":28,"column":68}},"type":"cond-expr","locations":[{"start":{"line":28,"column":57},"end":{"line":28,"column":64}},{"start":{"line":28,"column":67},"end":{"line":28,"column":68}}],"line":28},"5":{"loc":{"start":{"line":79,"column":8},"end":{"line":81,"column":9}},"type":"if","locations":[{"start":{"line":79,"column":8},"end":{"line":81,"column":9}},{"start":{"line":79,"column":8},"end":{"line":81,"column":9}}],"line":79},"6":{"loc":{"start":{"line":79,"column":12},"end":{"line":79,"column":82}},"type":"binary-expr","locations":[{"start":{"line":79,"column":12},"end":{"line":79,"column":31}},{"start":{"line":79,"column":35},"end":{"line":79,"column":82}}],"line":79},"7":{"loc":{"start":{"line":85,"column":12},"end":{"line":96,"column":13}},"type":"if","locations":[{"start":{"line":85,"column":12},"end":{"line":96,"column":13}},{"start":{"line":85,"column":12},"end":{"line":96,"column":13}}],"line":85},"8":{"loc":{"start":{"line":87,"column":29},"end":{"line":87,"column":80}},"type":"cond-expr","locations":[{"start":{"line":87,"column":42},"end":{"line":87,"column":73}},{"start":{"line":87,"column":76},"end":{"line":87,"column":80}}],"line":87},"9":{"loc":{"start":{"line":88,"column":16},"end":{"line":95,"column":17}},"type":"if","locations":[{"start":{"line":88,"column":16},"end":{"line":95,"column":17}},{"start":{"line":88,"column":16},"end":{"line":95,"column":17}}],"line":88},"10":{"loc":{"start":{"line":90,"column":20},"end":{"line":94,"column":21}},"type":"if","locations":[{"start":{"line":90,"column":20},"end":{"line":94,"column":21}},{"start":{"line":90,"column":20},"end":{"line":94,"column":21}}],"line":90},"11":{"loc":{"start":{"line":93,"column":103},"end":{"line":93,"column":126}},"type":"binary-expr","locations":[{"start":{"line":93,"column":103},"end":{"line":93,"column":120}},{"start":{"line":93,"column":124},"end":{"line":93,"column":126}}],"line":93},"12":{"loc":{"start":{"line":93,"column":130},"end":{"line":93,"column":153}},"type":"binary-expr","locations":[{"start":{"line":93,"column":130},"end":{"line":93,"column":147}},{"start":{"line":93,"column":151},"end":{"line":93,"column":153}}],"line":93},"13":{"loc":{"start":{"line":108,"column":26},"end":{"line":108,"column":76}},"type":"cond-expr","locations":[{"start":{"line":108,"column":53},"end":{"line":108,"column":62}},{"start":{"line":108,"column":65},"end":{"line":108,"column":76}}],"line":108},"14":{"loc":{"start":{"line":111,"column":16},"end":{"line":121,"column":17}},"type":"if","locations":[{"start":{"line":111,"column":16},"end":{"line":121,"column":17}},{"start":{"line":111,"column":16},"end":{"line":121,"column":17}}],"line":111},"15":{"loc":{"start":{"line":112,"column":20},"end":{"line":117,"column":21}},"type":"if","locations":[{"start":{"line":112,"column":20},"end":{"line":117,"column":21}},{"start":{"line":112,"column":20},"end":{"line":117,"column":21}}],"line":112},"16":{"loc":{"start":{"line":116,"column":70},"end":{"line":116,"column":141}},"type":"cond-expr","locations":[{"start":{"line":116,"column":104},"end":{"line":116,"column":127}},{"start":{"line":116,"column":130},"end":{"line":116,"column":141}}],"line":116},"17":{"loc":{"start":{"line":119,"column":21},"end":{"line":121,"column":17}},"type":"if","locations":[{"start":{"line":119,"column":21},"end":{"line":121,"column":17}},{"start":{"line":119,"column":21},"end":{"line":121,"column":17}}],"line":119},"18":{"loc":{"start":{"line":122,"column":16},"end":{"line":134,"column":17}},"type":"if","locations":[{"start":{"line":122,"column":16},"end":{"line":134,"column":17}},{"start":{"line":122,"column":16},"end":{"line":134,"column":17}}],"line":122},"19":{"loc":{"start":{"line":124,"column":20},"end":{"line":133,"column":21}},"type":"if","locations":[{"start":{"line":124,"column":20},"end":{"line":133,"column":21}},{"start":{"line":124,"column":20},"end":{"line":133,"column":21}}],"line":124},"20":{"loc":{"start":{"line":130,"column":24},"end":{"line":132,"column":25}},"type":"if","locations":[{"start":{"line":130,"column":24},"end":{"line":132,"column":25}},{"start":{"line":130,"column":24},"end":{"line":132,"column":25}}],"line":130},"21":{"loc":{"start":{"line":130,"column":28},"end":{"line":130,"column":112}},"type":"binary-expr","locations":[{"start":{"line":130,"column":28},"end":{"line":130,"column":42}},{"start":{"line":130,"column":46},"end":{"line":130,"column":65}},{"start":{"line":130,"column":69},"end":{"line":130,"column":88}},{"start":{"line":130,"column":92},"end":{"line":130,"column":112}}],"line":130},"22":{"loc":{"start":{"line":143,"column":8},"end":{"line":144,"column":43}},"type":"if","locations":[{"start":{"line":143,"column":8},"end":{"line":144,"column":43}},{"start":{"line":143,"column":8},"end":{"line":144,"column":43}}],"line":143},"23":{"loc":{"start":{"line":148,"column":8},"end":{"line":152,"column":9}},"type":"if","locations":[{"start":{"line":148,"column":8},"end":{"line":152,"column":9}},{"start":{"line":148,"column":8},"end":{"line":152,"column":9}}],"line":148},"24":{"loc":{"start":{"line":149,"column":21},"end":{"line":149,"column":74}},"type":"cond-expr","locations":[{"start":{"line":149,"column":57},"end":{"line":149,"column":68}},{"start":{"line":149,"column":71},"end":{"line":149,"column":74}}],"line":149},"25":{"loc":{"start":{"line":150,"column":12},"end":{"line":151,"column":77}},"type":"if","locations":[{"start":{"line":150,"column":12},"end":{"line":151,"column":77}},{"start":{"line":150,"column":12},"end":{"line":151,"column":77}}],"line":150},"26":{"loc":{"start":{"line":153,"column":8},"end":{"line":155,"column":9}},"type":"if","locations":[{"start":{"line":153,"column":8},"end":{"line":155,"column":9}},{"start":{"line":153,"column":8},"end":{"line":155,"column":9}}],"line":153},"27":{"loc":{"start":{"line":153,"column":12},"end":{"line":153,"column":77}},"type":"binary-expr","locations":[{"start":{"line":153,"column":12},"end":{"line":153,"column":18}},{"start":{"line":153,"column":23},"end":{"line":153,"column":40}},{"start":{"line":153,"column":44},"end":{"line":153,"column":76}}],"line":153},"28":{"loc":{"start":{"line":167,"column":12},"end":{"line":170,"column":13}},"type":"if","locations":[{"start":{"line":167,"column":12},"end":{"line":170,"column":13}},{"start":{"line":167,"column":12},"end":{"line":170,"column":13}}],"line":167},"29":{"loc":{"start":{"line":167,"column":16},"end":{"line":167,"column":59}},"type":"binary-expr","locations":[{"start":{"line":167,"column":16},"end":{"line":167,"column":32}},{"start":{"line":167,"column":36},"end":{"line":167,"column":59}}],"line":167},"30":{"loc":{"start":{"line":172,"column":8},"end":{"line":174,"column":9}},"type":"if","locations":[{"start":{"line":172,"column":8},"end":{"line":174,"column":9}},{"start":{"line":172,"column":8},"end":{"line":174,"column":9}}],"line":172},"31":{"loc":{"start":{"line":188,"column":8},"end":{"line":189,"column":42}},"type":"if","locations":[{"start":{"line":188,"column":8},"end":{"line":189,"column":42}},{"start":{"line":188,"column":8},"end":{"line":189,"column":42}}],"line":188},"32":{"loc":{"start":{"line":188,"column":12},"end":{"line":188,"column":68}},"type":"binary-expr","locations":[{"start":{"line":188,"column":12},"end":{"line":188,"column":28}},{"start":{"line":188,"column":32},"end":{"line":188,"column":68}}],"line":188}},"s":{"0":1,"1":1,"2":1,"3":1,"4":1,"5":1,"6":1,"7":1,"8":10,"9":10,"10":10,"11":10,"12":10,"13":10,"14":10,"15":10,"16":10,"17":1,"18":8,"19":8,"20":8,"21":40,"22":8,"23":8,"24":8,"25":8,"26":8,"27":8,"28":8,"29":8,"30":8,"31":8,"32":8,"33":8,"34":8,"35":8,"36":8,"37":8,"38":8,"39":1,"40":2,"41":1,"42":4,"43":4,"44":4,"45":48,"46":4,"47":0,"48":0,"49":4,"50":4,"51":30,"52":30,"53":4,"54":4,"55":4,"56":4,"57":4,"58":2,"59":2,"60":2,"61":2,"62":2,"63":1,"64":4,"65":4,"66":4,"67":4,"68":4,"69":4,"70":4,"71":4,"72":0,"73":4,"74":0,"75":0,"76":4,"77":2,"78":2,"79":0,"80":0,"81":2,"82":2,"83":0,"84":4,"85":1,"86":4,"87":0,"88":4,"89":4,"90":4,"91":4,"92":4,"93":4,"94":4,"95":0,"96":4,"97":1,"98":4,"99":4,"100":4,"101":4,"102":4,"103":4,"104":4,"105":4,"106":0,"107":4,"108":1,"109":4,"110":4,"111":4,"112":4,"113":44,"114":44,"115":4,"116":0,"117":4,"118":1,"119":1},"f":{"0":1,"1":10,"2":8,"3":40,"4":2,"5":4,"6":48,"7":0,"8":4,"9":4,"10":4,"11":4,"12":4,"13":4},"b":{"0":[2,8],"1":[2,8],"2":[0,10],"3":[8,0],"4":[8,32],"5":[0,4],"6":[4,4],"7":[4,26],"8":[4,0],"9":[4,0],"10":[2,2],"11":[2,2],"12":[2,2],"13":[0,4],"14":[4,0],"15":[0,4],"16":[4,0],"17":[0,0],"18":[2,2],"19":[0,2],"20":[0,2],"21":[2,0,2,2],"22":[0,4],"23":[4,0],"24":[0,4],"25":[4,0],"26":[0,4],"27":[4,4,4],"28":[4,0],"29":[4,4],"30":[0,4],"31":[0,4],"32":[4,4]},"_coverageSchema":"332fd63041d2c1bcb487cc26dd0d5f7d97098a6c","hash":"b1922dde9f184f292f41dc4203a26d52ec1b93e1","contentHash":"6d66575187a43d7eba213dfc708394c1_11.2.1"},"/Users/Mora/Workspace/node/vscode/dot-template/src/core/file/Template.ts":{"path":"/Users/Mora/Workspace/node/vscode/dot-template/src/core/file/Template.ts","statementMap":{"0":{"start":{"line":2,"column":0},"end":{"line":2,"column":62}},"1":{"start":{"line":3,"column":30},"end":{"line":39,"column":3}},"2":{"start":{"line":5,"column":8},"end":{"line":5,"column":29}},"3":{"start":{"line":6,"column":8},"end":{"line":6,"column":33}},"4":{"start":{"line":7,"column":8},"end":{"line":7,"column":25}},"5":{"start":{"line":8,"column":8},"end":{"line":8,"column":29}},"6":{"start":{"line":9,"column":8},"end":{"line":9,"column":30}},"7":{"start":{"line":11,"column":4},"end":{"line":19,"column":6}},"8":{"start":{"line":12,"column":8},"end":{"line":17,"column":9}},"9":{"start":{"line":13,"column":25},"end":{"line":13,"column":115}},"10":{"start":{"line":14,"column":12},"end":{"line":15,"column":28}},"11":{"start":{"line":15,"column":16},"end":{"line":15,"column":28}},"12":{"start":{"line":16,"column":12},"end":{"line":16,"column":26}},"13":{"start":{"line":18,"column":8},"end":{"line":18,"column":20}},"14":{"start":{"line":20,"column":4},"end":{"line":26,"column":6}},"15":{"start":{"line":21,"column":21},"end":{"line":21,"column":32}},"16":{"start":{"line":22,"column":26},"end":{"line":22,"column":44}},"17":{"start":{"line":23,"column":8},"end":{"line":25,"column":9}},"18":{"start":{"line":24,"column":12},"end":{"line":24,"column":108}},"19":{"start":{"line":27,"column":4},"end":{"line":37,"column":6}},"20":{"start":{"line":28,"column":21},"end":{"line":28,"column":32}},"21":{"start":{"line":29,"column":22},"end":{"line":29,"column":36}},"22":{"start":{"line":30,"column":8},"end":{"line":35,"column":9}},"23":{"start":{"line":31,"column":21},"end":{"line":31,"column":112}},"24":{"start":{"line":32,"column":12},"end":{"line":34,"column":13}},"25":{"start":{"line":33,"column":16},"end":{"line":33,"column":53}},"26":{"start":{"line":36,"column":8},"end":{"line":36,"column":18}},"27":{"start":{"line":38,"column":4},"end":{"line":38,"column":20}},"28":{"start":{"line":40,"column":0},"end":{"line":40,"column":28}}},"fnMap":{"0":{"name":"(anonymous_0)","decl":{"start":{"line":3,"column":30},"end":{"line":3,"column":31}},"loc":{"start":{"line":3,"column":42},"end":{"line":39,"column":1}},"line":3},"1":{"name":"Template","decl":{"start":{"line":4,"column":13},"end":{"line":4,"column":21}},"loc":{"start":{"line":4,"column":54},"end":{"line":10,"column":5}},"line":4},"2":{"name":"(anonymous_2)","decl":{"start":{"line":11,"column":32},"end":{"line":11,"column":33}},"loc":{"start":{"line":11,"column":54},"end":{"line":19,"column":5}},"line":11},"3":{"name":"(anonymous_3)","decl":{"start":{"line":20,"column":37},"end":{"line":20,"column":38}},"loc":{"start":{"line":20,"column":71},"end":{"line":26,"column":5}},"line":20},"4":{"name":"(anonymous_4)","decl":{"start":{"line":27,"column":43},"end":{"line":27,"column":44}},"loc":{"start":{"line":27,"column":55},"end":{"line":37,"column":5}},"line":27}},"branchMap":{"0":{"loc":{"start":{"line":12,"column":8},"end":{"line":17,"column":9}},"type":"if","locations":[{"start":{"line":12,"column":8},"end":{"line":17,"column":9}},{"start":{"line":12,"column":8},"end":{"line":17,"column":9}}],"line":12},"1":{"loc":{"start":{"line":14,"column":12},"end":{"line":15,"column":28}},"type":"if","locations":[{"start":{"line":14,"column":12},"end":{"line":15,"column":28}},{"start":{"line":14,"column":12},"end":{"line":15,"column":28}}],"line":14},"2":{"loc":{"start":{"line":23,"column":8},"end":{"line":25,"column":9}},"type":"if","locations":[{"start":{"line":23,"column":8},"end":{"line":25,"column":9}},{"start":{"line":23,"column":8},"end":{"line":25,"column":9}}],"line":23},"3":{"loc":{"start":{"line":30,"column":8},"end":{"line":35,"column":9}},"type":"if","locations":[{"start":{"line":30,"column":8},"end":{"line":35,"column":9}},{"start":{"line":30,"column":8},"end":{"line":35,"column":9}}],"line":30},"4":{"loc":{"start":{"line":32,"column":12},"end":{"line":34,"column":13}},"type":"if","locations":[{"start":{"line":32,"column":12},"end":{"line":34,"column":13}},{"start":{"line":32,"column":12},"end":{"line":34,"column":13}}],"line":32},"5":{"loc":{"start":{"line":33,"column":23},"end":{"line":33,"column":52}},"type":"cond-expr","locations":[{"start":{"line":33,"column":43},"end":{"line":33,"column":45}},{"start":{"line":33,"column":48},"end":{"line":33,"column":52}}],"line":33}},"s":{"0":1,"1":1,"2":2,"3":2,"4":2,"5":2,"6":2,"7":1,"8":6,"9":0,"10":0,"11":0,"12":0,"13":6,"14":1,"15":2,"16":2,"17":2,"18":0,"19":1,"20":0,"21":0,"22":0,"23":0,"24":0,"25":0,"26":0,"27":1,"28":1},"f":{"0":1,"1":2,"2":6,"3":2,"4":0},"b":{"0":[0,6],"1":[0,0],"2":[0,2],"3":[0,0],"4":[0,0],"5":[0,0]},"_coverageSchema":"332fd63041d2c1bcb487cc26dd0d5f7d97098a6c","hash":"e7c883886e0cf0820338e6d8c2aea114156d6a31","contentHash":"d1efdae269efad9cd64045e6c1d72804_11.2.1"},"/Users/Mora/Workspace/node/vscode/dot-template/src/core/Application.ts":{"path":"/Users/Mora/Workspace/node/vscode/dot-template/src/core/Application.ts","statementMap":{"0":{"start":{"line":2,"column":0},"end":{"line":2,"column":62}},"1":{"start":{"line":3,"column":14},"end":{"line":3,"column":30}},"2":{"start":{"line":4,"column":13},"end":{"line":4,"column":53}},"3":{"start":{"line":5,"column":9},"end":{"line":5,"column":28}},"4":{"start":{"line":6,"column":11},"end":{"line":6,"column":26}},"5":{"start":{"line":7,"column":18},"end":{"line":7,"column":40}},"6":{"start":{"line":8,"column":15},"end":{"line":8,"column":34}},"7":{"start":{"line":9,"column":9},"end":{"line":9,"column":27}},"8":{"start":{"line":10,"column":33},"end":{"line":182,"column":3}},"9":{"start":{"line":12,"column":20},"end":{"line":12,"column":24}},"10":{"start":{"line":13,"column":8},"end":{"line":13,"column":29}},"11":{"start":{"line":14,"column":8},"end":{"line":14,"column":71}},"12":{"start":{"line":15,"column":8},"end":{"line":20,"column":18}},"13":{"start":{"line":15,"column":56},"end":{"line":20,"column":15}},"14":{"start":{"line":15,"column":118},"end":{"line":20,"column":11}},"15":{"start":{"line":16,"column":12},"end":{"line":19,"column":13}},"16":{"start":{"line":17,"column":24},"end":{"line":17,"column":96}},"17":{"start":{"line":18,"column":24},"end":{"line":18,"column":57}},"18":{"start":{"line":21,"column":8},"end":{"line":38,"column":14}},"19":{"start":{"line":21,"column":54},"end":{"line":38,"column":11}},"20":{"start":{"line":22,"column":24},"end":{"line":22,"column":28}},"21":{"start":{"line":24,"column":12},"end":{"line":37,"column":15}},"22":{"start":{"line":25,"column":16},"end":{"line":36,"column":17}},"23":{"start":{"line":26,"column":28},"end":{"line":26,"column":98}},"24":{"start":{"line":28,"column":24},"end":{"line":28,"column":43}},"25":{"start":{"line":29,"column":24},"end":{"line":34,"column":25}},"26":{"start":{"line":30,"column":28},"end":{"line":30,"column":139}},"27":{"start":{"line":30,"column":65},"end":{"line":30,"column":135}},"28":{"start":{"line":31,"column":28},"end":{"line":33,"column":29}},"29":{"start":{"line":32,"column":32},"end":{"line":32,"column":115}},"30":{"start":{"line":35,"column":24},"end":{"line":35,"column":54}},"31":{"start":{"line":39,"column":8},"end":{"line":44,"column":18}},"32":{"start":{"line":39,"column":63},"end":{"line":44,"column":15}},"33":{"start":{"line":39,"column":125},"end":{"line":44,"column":11}},"34":{"start":{"line":40,"column":12},"end":{"line":43,"column":13}},"35":{"start":{"line":41,"column":24},"end":{"line":41,"column":103}},"36":{"start":{"line":42,"column":24},"end":{"line":42,"column":57}},"37":{"start":{"line":45,"column":8},"end":{"line":59,"column":18}},"38":{"start":{"line":45,"column":40},"end":{"line":59,"column":15}},"39":{"start":{"line":45,"column":110},"end":{"line":59,"column":11}},"40":{"start":{"line":46,"column":12},"end":{"line":58,"column":13}},"41":{"start":{"line":48,"column":20},"end":{"line":48,"column":69}},"42":{"start":{"line":48,"column":45},"end":{"line":48,"column":69}},"43":{"start":{"line":49,"column":20},"end":{"line":49,"column":60}},"44":{"start":{"line":51,"column":20},"end":{"line":51,"column":35}},"45":{"start":{"line":52,"column":20},"end":{"line":52,"column":44}},"46":{"start":{"line":53,"column":24},"end":{"line":53,"column":64}},"47":{"start":{"line":55,"column":20},"end":{"line":55,"column":35}},"48":{"start":{"line":56,"column":20},"end":{"line":56,"column":33}},"49":{"start":{"line":57,"column":24},"end":{"line":57,"column":50}},"50":{"start":{"line":60,"column":8},"end":{"line":60,"column":97}},"51":{"start":{"line":60,"column":49},"end":{"line":60,"column":94}},"52":{"start":{"line":61,"column":8},"end":{"line":61,"column":123}},"53":{"start":{"line":61,"column":62},"end":{"line":61,"column":120}},"54":{"start":{"line":62,"column":8},"end":{"line":62,"column":123}},"55":{"start":{"line":62,"column":62},"end":{"line":62,"column":120}},"56":{"start":{"line":63,"column":8},"end":{"line":63,"column":153}},"57":{"start":{"line":63,"column":77},"end":{"line":63,"column":150}},"58":{"start":{"line":64,"column":8},"end":{"line":64,"column":101}},"59":{"start":{"line":64,"column":51},"end":{"line":64,"column":98}},"60":{"start":{"line":65,"column":8},"end":{"line":65,"column":101}},"61":{"start":{"line":65,"column":51},"end":{"line":65,"column":98}},"62":{"start":{"line":66,"column":8},"end":{"line":66,"column":101}},"63":{"start":{"line":66,"column":51},"end":{"line":66,"column":98}},"64":{"start":{"line":67,"column":8},"end":{"line":67,"column":34}},"65":{"start":{"line":68,"column":8},"end":{"line":68,"column":48}},"66":{"start":{"line":69,"column":8},"end":{"line":69,"column":56}},"67":{"start":{"line":70,"column":8},"end":{"line":70,"column":31}},"68":{"start":{"line":71,"column":8},"end":{"line":71,"column":40}},"69":{"start":{"line":74,"column":23},"end":{"line":74,"column":25}},"70":{"start":{"line":75,"column":18},"end":{"line":101,"column":9}},"71":{"start":{"line":76,"column":30},"end":{"line":76,"column":34}},"72":{"start":{"line":77,"column":24},"end":{"line":77,"column":26}},"73":{"start":{"line":78,"column":26},"end":{"line":78,"column":28}},"74":{"start":{"line":79,"column":12},"end":{"line":91,"column":15}},"75":{"start":{"line":80,"column":16},"end":{"line":90,"column":17}},"76":{"start":{"line":81,"column":32},"end":{"line":81,"column":46}},"77":{"start":{"line":82,"column":20},"end":{"line":89,"column":21}},"78":{"start":{"line":83,"column":24},"end":{"line":83,"column":38}},"79":{"start":{"line":85,"column":25},"end":{"line":89,"column":21}},"80":{"start":{"line":86,"column":24},"end":{"line":86,"column":40}},"81":{"start":{"line":87,"column":24},"end":{"line":88,"column":48}},"82":{"start":{"line":88,"column":28},"end":{"line":88,"column":48}},"83":{"start":{"line":92,"column":12},"end":{"line":92,"column":32}},"84":{"start":{"line":93,"column":12},"end":{"line":100,"column":13}},"85":{"start":{"line":94,"column":16},"end":{"line":94,"column":55}},"86":{"start":{"line":95,"column":16},"end":{"line":95,"column":49}},"87":{"start":{"line":98,"column":16},"end":{"line":98,"column":49}},"88":{"start":{"line":99,"column":16},"end":{"line":99,"column":55}},"89":{"start":{"line":102,"column":8},"end":{"line":111,"column":11}},"90":{"start":{"line":104,"column":12},"end":{"line":105,"column":23}},"91":{"start":{"line":105,"column":16},"end":{"line":105,"column":23}},"92":{"start":{"line":106,"column":12},"end":{"line":106,"column":50}},"93":{"start":{"line":107,"column":12},"end":{"line":108,"column":34}},"94":{"start":{"line":108,"column":16},"end":{"line":108,"column":34}},"95":{"start":{"line":109,"column":12},"end":{"line":109,"column":36}},"96":{"start":{"line":110,"column":12},"end":{"line":110,"column":39}},"97":{"start":{"line":112,"column":8},"end":{"line":112,"column":60}},"98":{"start":{"line":113,"column":8},"end":{"line":113,"column":46}},"99":{"start":{"line":115,"column":4},"end":{"line":125,"column":6}},"100":{"start":{"line":116,"column":8},"end":{"line":116,"column":43}},"101":{"start":{"line":116,"column":31},"end":{"line":116,"column":41}},"102":{"start":{"line":118,"column":8},"end":{"line":123,"column":9}},"103":{"start":{"line":119,"column":12},"end":{"line":119,"column":45}},"104":{"start":{"line":122,"column":12},"end":{"line":122,"column":105}},"105":{"start":{"line":124,"column":8},"end":{"line":124,"column":22}},"106":{"start":{"line":126,"column":4},"end":{"line":128,"column":6}},"107":{"start":{"line":127,"column":8},"end":{"line":127,"column":45}},"108":{"start":{"line":132,"column":4},"end":{"line":152,"column":6}},"109":{"start":{"line":133,"column":20},"end":{"line":133,"column":24}},"110":{"start":{"line":134,"column":20},"end":{"line":134,"column":22}},"111":{"start":{"line":135,"column":8},"end":{"line":137,"column":9}},"112":{"start":{"line":136,"column":12},"end":{"line":136,"column":42}},"113":{"start":{"line":138,"column":21},"end":{"line":138,"column":32}},"114":{"start":{"line":139,"column":8},"end":{"line":150,"column":9}},"115":{"start":{"line":140,"column":12},"end":{"line":149,"column":15}},"116":{"start":{"line":141,"column":27},"end":{"line":141,"column":40}},"117":{"start":{"line":142,"column":16},"end":{"line":143,"column":29}},"118":{"start":{"line":143,"column":20},"end":{"line":143,"column":29}},"119":{"start":{"line":144,"column":16},"end":{"line":145,"column":60}},"120":{"start":{"line":145,"column":20},"end":{"line":145,"column":60}},"121":{"start":{"line":146,"column":16},"end":{"line":147,"column":92}},"122":{"start":{"line":147,"column":20},"end":{"line":147,"column":92}},"123":{"start":{"line":148,"column":16},"end":{"line":148,"column":28}},"124":{"start":{"line":151,"column":8},"end":{"line":151,"column":23}},"125":{"start":{"line":153,"column":4},"end":{"line":159,"column":6}},"126":{"start":{"line":154,"column":20},"end":{"line":154,"column":22}},"127":{"start":{"line":155,"column":8},"end":{"line":157,"column":9}},"128":{"start":{"line":156,"column":12},"end":{"line":156,"column":42}},"129":{"start":{"line":158,"column":8},"end":{"line":158,"column":76}},"130":{"start":{"line":160,"column":4},"end":{"line":166,"column":6}},"131":{"start":{"line":161,"column":20},"end":{"line":161,"column":22}},"132":{"start":{"line":162,"column":8},"end":{"line":164,"column":9}},"133":{"start":{"line":163,"column":12},"end":{"line":163,"column":42}},"134":{"start":{"line":165,"column":8},"end":{"line":165,"column":75}},"135":{"start":{"line":167,"column":4},"end":{"line":173,"column":6}},"136":{"start":{"line":168,"column":20},"end":{"line":168,"column":22}},"137":{"start":{"line":169,"column":8},"end":{"line":171,"column":9}},"138":{"start":{"line":170,"column":12},"end":{"line":170,"column":42}},"139":{"start":{"line":172,"column":8},"end":{"line":172,"column":78}},"140":{"start":{"line":174,"column":4},"end":{"line":176,"column":6}},"141":{"start":{"line":175,"column":8},"end":{"line":175,"column":38}},"142":{"start":{"line":177,"column":4},"end":{"line":180,"column":6}},"143":{"start":{"line":178,"column":8},"end":{"line":178,"column":30}},"144":{"start":{"line":179,"column":8},"end":{"line":179,"column":51}},"145":{"start":{"line":181,"column":4},"end":{"line":181,"column":23}},"146":{"start":{"line":183,"column":0},"end":{"line":183,"column":34}}},"fnMap":{"0":{"name":"(anonymous_0)","decl":{"start":{"line":10,"column":33},"end":{"line":10,"column":34}},"loc":{"start":{"line":10,"column":45},"end":{"line":182,"column":1}},"line":10},"1":{"name":"Application","decl":{"start":{"line":11,"column":13},"end":{"line":11,"column":24}},"loc":{"start":{"line":11,"column":33},"end":{"line":114,"column":5}},"line":11},"2":{"name":"(anonymous_2)","decl":{"start":{"line":15,"column":34},"end":{"line":15,"column":35}},"loc":{"start":{"line":15,"column":54},"end":{"line":20,"column":17}},"line":15},"3":{"name":"(anonymous_3)","decl":{"start":{"line":15,"column":104},"end":{"line":15,"column":105}},"loc":{"start":{"line":15,"column":116},"end":{"line":20,"column":13}},"line":15},"4":{"name":"(anonymous_4)","decl":{"start":{"line":15,"column":151},"end":{"line":15,"column":152}},"loc":{"start":{"line":15,"column":165},"end":{"line":20,"column":9}},"line":15},"5":{"name":"(anonymous_5)","decl":{"start":{"line":21,"column":33},"end":{"line":21,"column":34}},"loc":{"start":{"line":21,"column":52},"end":{"line":38,"column":13}},"line":21},"6":{"name":"(anonymous_6)","decl":{"start":{"line":21,"column":102},"end":{"line":21,"column":103}},"loc":{"start":{"line":21,"column":114},"end":{"line":38,"column":9}},"line":21},"7":{"name":"(anonymous_7)","decl":{"start":{"line":24,"column":45},"end":{"line":24,"column":46}},"loc":{"start":{"line":24,"column":59},"end":{"line":37,"column":13}},"line":24},"8":{"name":"(anonymous_8)","decl":{"start":{"line":30,"column":50},"end":{"line":30,"column":51}},"loc":{"start":{"line":30,"column":63},"end":{"line":30,"column":137}},"line":30},"9":{"name":"(anonymous_9)","decl":{"start":{"line":39,"column":35},"end":{"line":39,"column":36}},"loc":{"start":{"line":39,"column":61},"end":{"line":44,"column":17}},"line":39},"10":{"name":"(anonymous_10)","decl":{"start":{"line":39,"column":111},"end":{"line":39,"column":112}},"loc":{"start":{"line":39,"column":123},"end":{"line":44,"column":13}},"line":39},"11":{"name":"(anonymous_11)","decl":{"start":{"line":39,"column":158},"end":{"line":39,"column":159}},"loc":{"start":{"line":39,"column":172},"end":{"line":44,"column":9}},"line":39},"12":{"name":"(anonymous_12)","decl":{"start":{"line":45,"column":26},"end":{"line":45,"column":27}},"loc":{"start":{"line":45,"column":38},"end":{"line":59,"column":17}},"line":45},"13":{"name":"(anonymous_13)","decl":{"start":{"line":45,"column":88},"end":{"line":45,"column":89}},"loc":{"start":{"line":45,"column":100},"end":{"line":59,"column":13}},"line":45},"14":{"name":"(anonymous_14)","decl":{"start":{"line":45,"column":143},"end":{"line":45,"column":144}},"loc":{"start":{"line":45,"column":157},"end":{"line":59,"column":9}},"line":45},"15":{"name":"(anonymous_15)","decl":{"start":{"line":60,"column":27},"end":{"line":60,"column":28}},"loc":{"start":{"line":60,"column":47},"end":{"line":60,"column":96}},"line":60},"16":{"name":"(anonymous_16)","decl":{"start":{"line":61,"column":31},"end":{"line":61,"column":32}},"loc":{"start":{"line":61,"column":60},"end":{"line":61,"column":122}},"line":61},"17":{"name":"(anonymous_17)","decl":{"start":{"line":62,"column":31},"end":{"line":62,"column":32}},"loc":{"start":{"line":62,"column":60},"end":{"line":62,"column":122}},"line":62},"18":{"name":"(anonymous_18)","decl":{"start":{"line":63,"column":31},"end":{"line":63,"column":32}},"loc":{"start":{"line":63,"column":75},"end":{"line":63,"column":152}},"line":63},"19":{"name":"(anonymous_19)","decl":{"start":{"line":64,"column":29},"end":{"line":64,"column":30}},"loc":{"start":{"line":64,"column":49},"end":{"line":64,"column":100}},"line":64},"20":{"name":"(anonymous_20)","decl":{"start":{"line":65,"column":29},"end":{"line":65,"column":30}},"loc":{"start":{"line":65,"column":49},"end":{"line":65,"column":100}},"line":65},"21":{"name":"(anonymous_21)","decl":{"start":{"line":66,"column":29},"end":{"line":66,"column":30}},"loc":{"start":{"line":66,"column":49},"end":{"line":66,"column":100}},"line":66},"22":{"name":"(anonymous_22)","decl":{"start":{"line":75,"column":18},"end":{"line":75,"column":19}},"loc":{"start":{"line":75,"column":30},"end":{"line":101,"column":9}},"line":75},"23":{"name":"(anonymous_23)","decl":{"start":{"line":79,"column":29},"end":{"line":79,"column":30}},"loc":{"start":{"line":79,"column":45},"end":{"line":91,"column":13}},"line":79},"24":{"name":"(anonymous_24)","decl":{"start":{"line":102,"column":33},"end":{"line":102,"column":34}},"loc":{"start":{"line":102,"column":53},"end":{"line":111,"column":9}},"line":102},"25":{"name":"(anonymous_25)","decl":{"start":{"line":115,"column":44},"end":{"line":115,"column":45}},"loc":{"start":{"line":115,"column":79},"end":{"line":125,"column":5}},"line":115},"26":{"name":"(anonymous_26)","decl":{"start":{"line":126,"column":41},"end":{"line":126,"column":42}},"loc":{"start":{"line":126,"column":61},"end":{"line":128,"column":5}},"line":126},"27":{"name":"(anonymous_27)","decl":{"start":{"line":132,"column":35},"end":{"line":132,"column":36}},"loc":{"start":{"line":132,"column":54},"end":{"line":152,"column":5}},"line":132},"28":{"name":"(anonymous_28)","decl":{"start":{"line":140,"column":45},"end":{"line":140,"column":46}},"loc":{"start":{"line":140,"column":58},"end":{"line":149,"column":13}},"line":140},"29":{"name":"(anonymous_29)","decl":{"start":{"line":153,"column":34},"end":{"line":153,"column":35}},"loc":{"start":{"line":153,"column":53},"end":{"line":159,"column":5}},"line":153},"30":{"name":"(anonymous_30)","decl":{"start":{"line":160,"column":33},"end":{"line":160,"column":34}},"loc":{"start":{"line":160,"column":52},"end":{"line":166,"column":5}},"line":160},"31":{"name":"(anonymous_31)","decl":{"start":{"line":167,"column":36},"end":{"line":167,"column":37}},"loc":{"start":{"line":167,"column":55},"end":{"line":173,"column":5}},"line":167},"32":{"name":"(anonymous_32)","decl":{"start":{"line":174,"column":34},"end":{"line":174,"column":35}},"loc":{"start":{"line":174,"column":56},"end":{"line":176,"column":5}},"line":174},"33":{"name":"(anonymous_33)","decl":{"start":{"line":177,"column":36},"end":{"line":177,"column":37}},"loc":{"start":{"line":177,"column":48},"end":{"line":180,"column":5}},"line":177}},"branchMap":{"0":{"loc":{"start":{"line":16,"column":12},"end":{"line":19,"column":13}},"type":"switch","locations":[{"start":{"line":17,"column":16},"end":{"line":17,"column":96}},{"start":{"line":18,"column":16},"end":{"line":18,"column":57}}],"line":16},"1":{"loc":{"start":{"line":25,"column":16},"end":{"line":36,"column":17}},"type":"switch","locations":[{"start":{"line":26,"column":20},"end":{"line":26,"column":98}},{"start":{"line":27,"column":20},"end":{"line":35,"column":54}}],"line":25},"2":{"loc":{"start":{"line":29,"column":24},"end":{"line":34,"column":25}},"type":"if","locations":[{"start":{"line":29,"column":24},"end":{"line":34,"column":25}},{"start":{"line":29,"column":24},"end":{"line":34,"column":25}}],"line":29},"3":{"loc":{"start":{"line":31,"column":28},"end":{"line":33,"column":29}},"type":"if","locations":[{"start":{"line":31,"column":28},"end":{"line":33,"column":29}},{"start":{"line":31,"column":28},"end":{"line":33,"column":29}}],"line":31},"4":{"loc":{"start":{"line":40,"column":12},"end":{"line":43,"column":13}},"type":"switch","locations":[{"start":{"line":41,"column":16},"end":{"line":41,"column":103}},{"start":{"line":42,"column":16},"end":{"line":42,"column":57}}],"line":40},"5":{"loc":{"start":{"line":46,"column":12},"end":{"line":58,"column":13}},"type":"switch","locations":[{"start":{"line":47,"column":16},"end":{"line":49,"column":60}},{"start":{"line":50,"column":16},"end":{"line":52,"column":44}},{"start":{"line":53,"column":16},"end":{"line":53,"column":64}},{"start":{"line":54,"column":16},"end":{"line":56,"column":33}},{"start":{"line":57,"column":16},"end":{"line":57,"column":50}}],"line":46},"6":{"loc":{"start":{"line":48,"column":20},"end":{"line":48,"column":69}},"type":"if","locations":[{"start":{"line":48,"column":20},"end":{"line":48,"column":69}},{"start":{"line":48,"column":20},"end":{"line":48,"column":69}}],"line":48},"7":{"loc":{"start":{"line":80,"column":16},"end":{"line":90,"column":17}},"type":"if","locations":[{"start":{"line":80,"column":16},"end":{"line":90,"column":17}},{"start":{"line":80,"column":16},"end":{"line":90,"column":17}}],"line":80},"8":{"loc":{"start":{"line":82,"column":20},"end":{"line":89,"column":21}},"type":"if","locations":[{"start":{"line":82,"column":20},"end":{"line":89,"column":21}},{"start":{"line":82,"column":20},"end":{"line":89,"column":21}}],"line":82},"9":{"loc":{"start":{"line":85,"column":25},"end":{"line":89,"column":21}},"type":"if","locations":[{"start":{"line":85,"column":25},"end":{"line":89,"column":21}},{"start":{"line":85,"column":25},"end":{"line":89,"column":21}}],"line":85},"10":{"loc":{"start":{"line":87,"column":24},"end":{"line":88,"column":48}},"type":"if","locations":[{"start":{"line":87,"column":24},"end":{"line":88,"column":48}},{"start":{"line":87,"column":24},"end":{"line":88,"column":48}}],"line":87},"11":{"loc":{"start":{"line":93,"column":12},"end":{"line":100,"column":13}},"type":"if","locations":[{"start":{"line":93,"column":12},"end":{"line":100,"column":13}},{"start":{"line":93,"column":12},"end":{"line":100,"column":13}}],"line":93},"12":{"loc":{"start":{"line":104,"column":12},"end":{"line":105,"column":23}},"type":"if","locations":[{"start":{"line":104,"column":12},"end":{"line":105,"column":23}},{"start":{"line":104,"column":12},"end":{"line":105,"column":23}}],"line":104},"13":{"loc":{"start":{"line":107,"column":12},"end":{"line":108,"column":34}},"type":"if","locations":[{"start":{"line":107,"column":12},"end":{"line":108,"column":34}},{"start":{"line":107,"column":12},"end":{"line":108,"column":34}}],"line":107},"14":{"loc":{"start":{"line":116,"column":8},"end":{"line":116,"column":43}},"type":"if","locations":[{"start":{"line":116,"column":8},"end":{"line":116,"column":43}},{"start":{"line":116,"column":8},"end":{"line":116,"column":43}}],"line":116},"15":{"loc":{"start":{"line":122,"column":53},"end":{"line":122,"column":99}},"type":"cond-expr","locations":[{"start":{"line":122,"column":70},"end":{"line":122,"column":79}},{"start":{"line":122,"column":82},"end":{"line":122,"column":99}}],"line":122},"16":{"loc":{"start":{"line":122,"column":53},"end":{"line":122,"column":67}},"type":"binary-expr","locations":[{"start":{"line":122,"column":53},"end":{"line":122,"column":54}},{"start":{"line":122,"column":58},"end":{"line":122,"column":67}}],"line":122},"17":{"loc":{"start":{"line":139,"column":8},"end":{"line":150,"column":9}},"type":"if","locations":[{"start":{"line":139,"column":8},"end":{"line":150,"column":9}},{"start":{"line":139,"column":8},"end":{"line":150,"column":9}}],"line":139},"18":{"loc":{"start":{"line":142,"column":16},"end":{"line":143,"column":29}},"type":"if","locations":[{"start":{"line":142,"column":16},"end":{"line":143,"column":29}},{"start":{"line":142,"column":16},"end":{"line":143,"column":29}}],"line":142},"19":{"loc":{"start":{"line":144,"column":16},"end":{"line":145,"column":60}},"type":"if","locations":[{"start":{"line":144,"column":16},"end":{"line":145,"column":60}},{"start":{"line":144,"column":16},"end":{"line":145,"column":60}}],"line":144},"20":{"loc":{"start":{"line":146,"column":16},"end":{"line":147,"column":92}},"type":"if","locations":[{"start":{"line":146,"column":16},"end":{"line":147,"column":92}},{"start":{"line":146,"column":16},"end":{"line":147,"column":92}}],"line":146}},"s":{"0":1,"1":1,"2":1,"3":1,"4":1,"5":1,"6":1,"7":1,"8":1,"9":7,"10":7,"11":7,"12":7,"13":0,"14":0,"15":0,"16":0,"17":0,"18":7,"19":7,"20":7,"21":7,"22":14,"23":7,"24":7,"25":7,"26":2,"27":2,"28":2,"29":0,"30":7,"31":7,"32":0,"33":0,"34":0,"35":0,"36":0,"37":7,"38":0,"39":0,"40":0,"41":0,"42":0,"43":0,"44":0,"45":0,"46":0,"47":0,"48":0,"49":0,"50":7,"51":0,"52":7,"53":6,"54":7,"55":0,"56":7,"57":0,"58":7,"59":7,"60":7,"61":7,"62":7,"63":7,"64":7,"65":7,"66":7,"67":7,"68":7,"69":7,"70":7,"71":0,"72":0,"73":0,"74":0,"75":0,"76":0,"77":0,"78":0,"79":0,"80":0,"81":0,"82":0,"83":0,"84":0,"85":0,"86":0,"87":0,"88":0,"89":7,"90":0,"91":0,"92":0,"93":0,"94":0,"95":0,"96":0,"97":7,"98":7,"99":1,"100":4,"101":0,"102":4,"103":4,"104":0,"105":4,"106":1,"107":10,"108":1,"109":28,"110":28,"111":28,"112":20,"113":28,"114":28,"115":12,"116":20,"117":20,"118":0,"119":20,"120":20,"121":0,"122":0,"123":0,"124":28,"125":1,"126":28,"127":28,"128":20,"129":28,"130":1,"131":0,"132":0,"133":0,"134":0,"135":1,"136":0,"137":0,"138":0,"139":0,"140":1,"141":5,"142":1,"143":0,"144":0,"145":1,"146":1},"f":{"0":1,"1":7,"2":0,"3":0,"4":0,"5":7,"6":7,"7":14,"8":2,"9":0,"10":0,"11":0,"12":0,"13":0,"14":0,"15":0,"16":6,"17":0,"18":0,"19":7,"20":7,"21":7,"22":0,"23":0,"24":0,"25":4,"26":10,"27":28,"28":20,"29":28,"30":0,"31":0,"32":5,"33":0},"b":{"0":[0,0],"1":[7,7],"2":[2,5],"3":[0,2],"4":[0,0],"5":[0,0,0,0,0],"6":[0,0],"7":[0,0],"8":[0,0],"9":[0,0],"10":[0,0],"11":[0,0],"12":[0,0],"13":[0,0],"14":[0,4],"15":[0,0],"16":[0,0],"17":[12,16],"18":[0,20],"19":[20,0],"20":[0,0]},"_coverageSchema":"332fd63041d2c1bcb487cc26dd0d5f7d97098a6c","hash":"b5f825200f401ba380b9ec591d5589d276aa12da","contentHash":"9c8441ddfbd3528da38ca77f70547fd5_11.2.1"},"/Users/Mora/Workspace/node/vscode/dot-template/src/core/Commander.ts":{"path":"/Users/Mora/Workspace/node/vscode/dot-template/src/core/Commander.ts","statementMap":{"0":{"start":{"line":2,"column":0},"end":{"line":2,"column":62}},"1":{"start":{"line":3,"column":14},"end":{"line":3,"column":30}},"2":{"start":{"line":4,"column":17},"end":{"line":4,"column":38}},"3":{"start":{"line":5,"column":31},"end":{"line":208,"column":3}},"4":{"start":{"line":7,"column":8},"end":{"line":7,"column":23}},"5":{"start":{"line":8,"column":8},"end":{"line":8,"column":29}},"6":{"start":{"line":9,"column":8},"end":{"line":9,"column":26}},"7":{"start":{"line":15,"column":8},"end":{"line":15,"column":24}},"8":{"start":{"line":16,"column":8},"end":{"line":16,"column":31}},"9":{"start":{"line":17,"column":8},"end":{"line":17,"column":32}},"10":{"start":{"line":21,"column":8},"end":{"line":21,"column":25}},"11":{"start":{"line":23,"column":4},"end":{"line":87,"column":6}},"12":{"start":{"line":24,"column":8},"end":{"line":86,"column":11}},"13":{"start":{"line":25,"column":24},"end":{"line":25,"column":28}},"14":{"start":{"line":27,"column":12},"end":{"line":85,"column":15}},"15":{"start":{"line":28,"column":16},"end":{"line":84,"column":17}},"16":{"start":{"line":30,"column":24},"end":{"line":30,"column":90}},"17":{"start":{"line":30,"column":66},"end":{"line":30,"column":90}},"18":{"start":{"line":31,"column":24},"end":{"line":38,"column":32}},"19":{"start":{"line":32,"column":32},"end":{"line":37,"column":41}},"20":{"start":{"line":33,"column":40},"end":{"line":36,"column":60}},"21":{"start":{"line":34,"column":44},"end":{"line":34,"column":56}},"22":{"start":{"line":36,"column":44},"end":{"line":36,"column":60}},"23":{"start":{"line":39,"column":28},"end":{"line":39,"column":61}},"24":{"start":{"line":41,"column":24},"end":{"line":41,"column":50}},"25":{"start":{"line":42,"column":24},"end":{"line":42,"column":46}},"26":{"start":{"line":43,"column":24},"end":{"line":43,"column":67}},"27":{"start":{"line":45,"column":24},"end":{"line":45,"column":43}},"28":{"start":{"line":46,"column":24},"end":{"line":46,"column":58}},"29":{"start":{"line":47,"column":24},"end":{"line":47,"column":47}},"30":{"start":{"line":49,"column":24},"end":{"line":49,"column":47}},"31":{"start":{"line":50,"column":24},"end":{"line":74,"column":34}},"32":{"start":{"line":50,"column":49},"end":{"line":74,"column":27}},"33":{"start":{"line":52,"column":28},"end":{"line":73,"column":31}},"34":{"start":{"line":53,"column":32},"end":{"line":72,"column":33}},"35":{"start":{"line":55,"column":40},"end":{"line":55,"column":66}},"36":{"start":{"line":56,"column":40},"end":{"line":56,"column":64}},"37":{"start":{"line":57,"column":40},"end":{"line":57,"column":75}},"38":{"start":{"line":57,"column":51},"end":{"line":57,"column":75}},"39":{"start":{"line":58,"column":40},"end":{"line":58,"column":53}},"40":{"start":{"line":60,"column":40},"end":{"line":60,"column":66}},"41":{"start":{"line":61,"column":40},"end":{"line":61,"column":65}},"42":{"start":{"line":62,"column":40},"end":{"line":62,"column":52}},"43":{"start":{"line":63,"column":40},"end":{"line":63,"column":106}},"44":{"start":{"line":65,"column":40},"end":{"line":65,"column":77}},"45":{"start":{"line":66,"column":40},"end":{"line":66,"column":64}},"46":{"start":{"line":68,"column":40},"end":{"line":68,"column":56}},"47":{"start":{"line":69,"column":40},"end":{"line":69,"column":65}},"48":{"start":{"line":70,"column":40},"end":{"line":70,"column":64}},"49":{"start":{"line":71,"column":44},"end":{"line":71,"column":66}},"50":{"start":{"line":75,"column":24},"end":{"line":75,"column":54}},"51":{"start":{"line":77,"column":24},"end":{"line":77,"column":40}},"52":{"start":{"line":78,"column":24},"end":{"line":78,"column":47}},"53":{"start":{"line":79,"column":24},"end":{"line":81,"column":25}},"54":{"start":{"line":80,"column":28},"end":{"line":80,"column":125}},"55":{"start":{"line":82,"column":24},"end":{"line":82,"column":34}},"56":{"start":{"line":83,"column":28},"end":{"line":83,"column":50}},"57":{"start":{"line":88,"column":4},"end":{"line":90,"column":6}},"58":{"start":{"line":89,"column":8},"end":{"line":89,"column":118}},"59":{"start":{"line":91,"column":4},"end":{"line":118,"column":6}},"60":{"start":{"line":92,"column":8},"end":{"line":117,"column":11}},"61":{"start":{"line":94,"column":12},"end":{"line":116,"column":15}},"62":{"start":{"line":95,"column":16},"end":{"line":115,"column":17}},"63":{"start":{"line":97,"column":24},"end":{"line":97,"column":46}},"64":{"start":{"line":98,"column":24},"end":{"line":98,"column":57}},"65":{"start":{"line":98,"column":33},"end":{"line":98,"column":57}},"66":{"start":{"line":99,"column":24},"end":{"line":99,"column":77}},"67":{"start":{"line":101,"column":24},"end":{"line":101,"column":41}},"68":{"start":{"line":102,"column":24},"end":{"line":102,"column":37}},"69":{"start":{"line":104,"column":24},"end":{"line":113,"column":25}},"70":{"start":{"line":105,"column":28},"end":{"line":105,"column":55}},"71":{"start":{"line":106,"column":28},"end":{"line":111,"column":29}},"72":{"start":{"line":107,"column":32},"end":{"line":107,"column":53}},"73":{"start":{"line":110,"column":32},"end":{"line":110,"column":46}},"74":{"start":{"line":112,"column":28},"end":{"line":112,"column":56}},"75":{"start":{"line":114,"column":24},"end":{"line":114,"column":53}},"76":{"start":{"line":119,"column":4},"end":{"line":121,"column":6}},"77":{"start":{"line":120,"column":8},"end":{"line":120,"column":80}},"78":{"start":{"line":122,"column":4},"end":{"line":128,"column":6}},"79":{"start":{"line":123,"column":8},"end":{"line":127,"column":11}},"80":{"start":{"line":124,"column":12},"end":{"line":126,"column":15}},"81":{"start":{"line":125,"column":16},"end":{"line":125,"column":137}},"82":{"start":{"line":129,"column":4},"end":{"line":135,"column":6}},"83":{"start":{"line":130,"column":8},"end":{"line":134,"column":11}},"84":{"start":{"line":131,"column":12},"end":{"line":133,"column":15}},"85":{"start":{"line":132,"column":16},"end":{"line":132,"column":139}},"86":{"start":{"line":136,"column":4},"end":{"line":142,"column":6}},"87":{"start":{"line":137,"column":8},"end":{"line":141,"column":11}},"88":{"start":{"line":138,"column":12},"end":{"line":140,"column":15}},"89":{"start":{"line":139,"column":16},"end":{"line":139,"column":147}},"90":{"start":{"line":143,"column":4},"end":{"line":147,"column":7}},"91":{"start":{"line":144,"column":27},"end":{"line":144,"column":64}},"92":{"start":{"line":148,"column":4},"end":{"line":152,"column":7}},"93":{"start":{"line":149,"column":27},"end":{"line":149,"column":51}},"94":{"start":{"line":159,"column":4},"end":{"line":179,"column":6}},"95":{"start":{"line":160,"column":8},"end":{"line":178,"column":11}},"96":{"start":{"line":162,"column":12},"end":{"line":177,"column":15}},"97":{"start":{"line":163,"column":16},"end":{"line":176,"column":17}},"98":{"start":{"line":165,"column":24},"end":{"line":166,"column":57}},"99":{"start":{"line":166,"column":28},"end":{"line":166,"column":57}},"100":{"start":{"line":167,"column":24},"end":{"line":167,"column":64}},"101":{"start":{"line":168,"column":24},"end":{"line":168,"column":34}},"102":{"start":{"line":169,"column":24},"end":{"line":169,"column":77}},"103":{"start":{"line":171,"column":24},"end":{"line":174,"column":25}},"104":{"start":{"line":172,"column":28},"end":{"line":172,"column":42}},"105":{"start":{"line":173,"column":28},"end":{"line":173,"column":56}},"106":{"start":{"line":175,"column":24},"end":{"line":175,"column":53}},"107":{"start":{"line":186,"column":4},"end":{"line":206,"column":6}},"108":{"start":{"line":187,"column":8},"end":{"line":205,"column":11}},"109":{"start":{"line":189,"column":12},"end":{"line":204,"column":15}},"110":{"start":{"line":190,"column":16},"end":{"line":203,"column":17}},"111":{"start":{"line":192,"column":24},"end":{"line":193,"column":57}},"112":{"start":{"line":193,"column":28},"end":{"line":193,"column":57}},"113":{"start":{"line":194,"column":24},"end":{"line":194,"column":60}},"114":{"start":{"line":195,"column":24},"end":{"line":195,"column":34}},"115":{"start":{"line":196,"column":24},"end":{"line":196,"column":78}},"116":{"start":{"line":198,"column":24},"end":{"line":201,"column":25}},"117":{"start":{"line":199,"column":28},"end":{"line":199,"column":42}},"118":{"start":{"line":200,"column":28},"end":{"line":200,"column":56}},"119":{"start":{"line":202,"column":24},"end":{"line":202,"column":53}},"120":{"start":{"line":207,"column":4},"end":{"line":207,"column":21}},"121":{"start":{"line":209,"column":0},"end":{"line":209,"column":30}}},"fnMap":{"0":{"name":"(anonymous_0)","decl":{"start":{"line":5,"column":31},"end":{"line":5,"column":32}},"loc":{"start":{"line":5,"column":43},"end":{"line":208,"column":1}},"line":5},"1":{"name":"Commander","decl":{"start":{"line":6,"column":13},"end":{"line":6,"column":22}},"loc":{"start":{"line":6,"column":36},"end":{"line":22,"column":5}},"line":6},"2":{"name":"(anonymous_2)","decl":{"start":{"line":23,"column":37},"end":{"line":23,"column":38}},"loc":{"start":{"line":23,"column":65},"end":{"line":87,"column":5}},"line":23},"3":{"name":"(anonymous_3)","decl":{"start":{"line":24,"column":55},"end":{"line":24,"column":56}},"loc":{"start":{"line":24,"column":67},"end":{"line":86,"column":9}},"line":24},"4":{"name":"(anonymous_4)","decl":{"start":{"line":27,"column":45},"end":{"line":27,"column":46}},"loc":{"start":{"line":27,"column":59},"end":{"line":85,"column":13}},"line":27},"5":{"name":"(anonymous_5)","decl":{"start":{"line":31,"column":57},"end":{"line":31,"column":58}},"loc":{"start":{"line":31,"column":84},"end":{"line":38,"column":29}},"line":31},"6":{"name":"(anonymous_6)","decl":{"start":{"line":32,"column":96},"end":{"line":32,"column":97}},"loc":{"start":{"line":32,"column":119},"end":{"line":37,"column":37}},"line":32},"7":{"name":"(anonymous_7)","decl":{"start":{"line":50,"column":35},"end":{"line":50,"column":36}},"loc":{"start":{"line":50,"column":47},"end":{"line":74,"column":29}},"line":50},"8":{"name":"(anonymous_8)","decl":{"start":{"line":50,"column":97},"end":{"line":50,"column":98}},"loc":{"start":{"line":50,"column":109},"end":{"line":74,"column":25}},"line":50},"9":{"name":"(anonymous_9)","decl":{"start":{"line":52,"column":61},"end":{"line":52,"column":62}},"loc":{"start":{"line":52,"column":75},"end":{"line":73,"column":29}},"line":52},"10":{"name":"(anonymous_10)","decl":{"start":{"line":88,"column":52},"end":{"line":88,"column":53}},"loc":{"start":{"line":88,"column":64},"end":{"line":90,"column":5}},"line":88},"11":{"name":"(anonymous_11)","decl":{"start":{"line":91,"column":30},"end":{"line":91,"column":31}},"loc":{"start":{"line":91,"column":49},"end":{"line":118,"column":5}},"line":91},"12":{"name":"(anonymous_12)","decl":{"start":{"line":92,"column":55},"end":{"line":92,"column":56}},"loc":{"start":{"line":92,"column":67},"end":{"line":117,"column":9}},"line":92},"13":{"name":"(anonymous_13)","decl":{"start":{"line":94,"column":45},"end":{"line":94,"column":46}},"loc":{"start":{"line":94,"column":59},"end":{"line":116,"column":13}},"line":94},"14":{"name":"(anonymous_14)","decl":{"start":{"line":119,"column":47},"end":{"line":119,"column":48}},"loc":{"start":{"line":119,"column":59},"end":{"line":121,"column":5}},"line":119},"15":{"name":"(anonymous_15)","decl":{"start":{"line":122,"column":54},"end":{"line":122,"column":55}},"loc":{"start":{"line":122,"column":73},"end":{"line":128,"column":5}},"line":122},"16":{"name":"(anonymous_16)","decl":{"start":{"line":123,"column":55},"end":{"line":123,"column":56}},"loc":{"start":{"line":123,"column":67},"end":{"line":127,"column":9}},"line":123},"17":{"name":"(anonymous_17)","decl":{"start":{"line":124,"column":45},"end":{"line":124,"column":46}},"loc":{"start":{"line":124,"column":59},"end":{"line":126,"column":13}},"line":124},"18":{"name":"(anonymous_18)","decl":{"start":{"line":129,"column":55},"end":{"line":129,"column":56}},"loc":{"start":{"line":129,"column":75},"end":{"line":135,"column":5}},"line":129},"19":{"name":"(anonymous_19)","decl":{"start":{"line":130,"column":55},"end":{"line":130,"column":56}},"loc":{"start":{"line":130,"column":67},"end":{"line":134,"column":9}},"line":130},"20":{"name":"(anonymous_20)","decl":{"start":{"line":131,"column":45},"end":{"line":131,"column":46}},"loc":{"start":{"line":131,"column":59},"end":{"line":133,"column":13}},"line":131},"21":{"name":"(anonymous_21)","decl":{"start":{"line":136,"column":56},"end":{"line":136,"column":57}},"loc":{"start":{"line":136,"column":83},"end":{"line":142,"column":5}},"line":136},"22":{"name":"(anonymous_22)","decl":{"start":{"line":137,"column":55},"end":{"line":137,"column":56}},"loc":{"start":{"line":137,"column":67},"end":{"line":141,"column":9}},"line":137},"23":{"name":"(anonymous_23)","decl":{"start":{"line":138,"column":45},"end":{"line":138,"column":46}},"loc":{"start":{"line":138,"column":59},"end":{"line":140,"column":13}},"line":138},"24":{"name":"(anonymous_24)","decl":{"start":{"line":144,"column":13},"end":{"line":144,"column":14}},"loc":{"start":{"line":144,"column":25},"end":{"line":144,"column":66}},"line":144},"25":{"name":"(anonymous_25)","decl":{"start":{"line":149,"column":13},"end":{"line":149,"column":14}},"loc":{"start":{"line":149,"column":25},"end":{"line":149,"column":53}},"line":149},"26":{"name":"(anonymous_26)","decl":{"start":{"line":159,"column":31},"end":{"line":159,"column":32}},"loc":{"start":{"line":159,"column":43},"end":{"line":179,"column":5}},"line":159},"27":{"name":"(anonymous_27)","decl":{"start":{"line":160,"column":55},"end":{"line":160,"column":56}},"loc":{"start":{"line":160,"column":67},"end":{"line":178,"column":9}},"line":160},"28":{"name":"(anonymous_28)","decl":{"start":{"line":162,"column":45},"end":{"line":162,"column":46}},"loc":{"start":{"line":162,"column":59},"end":{"line":177,"column":13}},"line":162},"29":{"name":"(anonymous_29)","decl":{"start":{"line":186,"column":31},"end":{"line":186,"column":32}},"loc":{"start":{"line":186,"column":43},"end":{"line":206,"column":5}},"line":186},"30":{"name":"(anonymous_30)","decl":{"start":{"line":187,"column":55},"end":{"line":187,"column":56}},"loc":{"start":{"line":187,"column":67},"end":{"line":205,"column":9}},"line":187},"31":{"name":"(anonymous_31)","decl":{"start":{"line":189,"column":45},"end":{"line":189,"column":46}},"loc":{"start":{"line":189,"column":59},"end":{"line":204,"column":13}},"line":189}},"branchMap":{"0":{"loc":{"start":{"line":28,"column":16},"end":{"line":84,"column":17}},"type":"switch","locations":[{"start":{"line":29,"column":20},"end":{"line":38,"column":32}},{"start":{"line":39,"column":20},"end":{"line":39,"column":61}},{"start":{"line":40,"column":20},"end":{"line":43,"column":67}},{"start":{"line":44,"column":20},"end":{"line":75,"column":54}},{"start":{"line":76,"column":20},"end":{"line":82,"column":34}},{"start":{"line":83,"column":20},"end":{"line":83,"column":50}}],"line":28},"1":{"loc":{"start":{"line":30,"column":24},"end":{"line":30,"column":90}},"type":"if","locations":[{"start":{"line":30,"column":24},"end":{"line":30,"column":90}},{"start":{"line":30,"column":24},"end":{"line":30,"column":90}}],"line":30},"2":{"loc":{"start":{"line":30,"column":30},"end":{"line":30,"column":63}},"type":"binary-expr","locations":[{"start":{"line":30,"column":30},"end":{"line":30,"column":44}},{"start":{"line":30,"column":48},"end":{"line":30,"column":63}}],"line":30},"3":{"loc":{"start":{"line":33,"column":40},"end":{"line":36,"column":60}},"type":"if","locations":[{"start":{"line":33,"column":40},"end":{"line":36,"column":60}},{"start":{"line":33,"column":40},"end":{"line":36,"column":60}}],"line":33},"4":{"loc":{"start":{"line":53,"column":32},"end":{"line":72,"column":33}},"type":"switch","locations":[{"start":{"line":54,"column":36},"end":{"line":58,"column":53}},{"start":{"line":59,"column":36},"end":{"line":63,"column":106}},{"start":{"line":64,"column":36},"end":{"line":66,"column":64}},{"start":{"line":67,"column":36},"end":{"line":70,"column":64}},{"start":{"line":71,"column":36},"end":{"line":71,"column":66}}],"line":53},"5":{"loc":{"start":{"line":57,"column":40},"end":
[...]
},"end":{"line":149,"column":76}},{"start":{"line":149,"column":80},"end":{"line":149,"column":102}}],"line":149}},"s":{"0":1,"1":1,"2":1,"3":1,"4":1,"5":1,"6":1,"7":0,"8":0,"9":0,"10":0,"11":0,"12":0,"13":0,"14":0,"15":0,"16":1,"17":0,"18":0,"19":0,"20":0,"21":0,"22":0,"23":0,"24":0,"25":0,"26":0,"27":0,"28":0,"29":0,"30":0,"31":0,"32":0,"33":0,"34":0,"35":0,"36":0,"37":0,"38":0,"39":0,"40":0,"41":0,"42":0,"43":0,"44":0,"45":0,"46":0,"47":0,"48":0,"49":0,"50":0,"51":0,"52":0,"53":0,"54":0,"55":0,"56":0,"57":1,"58":0,"59":0,"60":0,"61":0,"62":0,"63":0,"64":0,"65":0,"66":0,"67":0,"68":0,"69":0,"70":0,"71":0,"72":0,"73":0,"74":0,"75":0,"76":0,"77":0,"78":0,"79":0,"80":0,"81":0,"82":0,"83":0,"84":0,"85":0,"86":0,"87":0,"88":0,"89":0,"90":0,"91":0,"92":0,"93":0,"94":0,"95":0,"96":0,"97":0,"98":0,"99":0,"100":0,"101":0,"102":0,"103":0,"104":0,"105":0,"106":0,"107":0,"108":0,"109":0,"110":0,"111":0,"112":1,"113":1},"f":{"0":1,"1":0,"2":0,"3":0,"4":0,"5":0,"6":0,"7":0,"8":0,"9":0,"10":0,"11":0,"12":0,"13":0,"14":0,"15":0,"16":0},"b":{"0":[0,0],"1":[0,0],"2":[0,0],"3":[0,0,0,0,0,0,0],"4":[0,0],"5":[0,0],"6":[0,0],"7":[0,0],"8":[0,0],"9":[0,0,0,0],"10":[0,0],"11":[0,0],"12":[0,0],"13":[0,0],"14":[0,0],"15":[0,0,0,0,0,0,0,0,0,0],"16":[0,0],"17":[0,0],"18":[0,0],"19":[0,0],"20":[0,0,0]},"_coverageSchema":"332fd63041d2c1bcb487cc26dd0d5f7d97098a6c","hash":"b12c2990866186fcdddc2997004c44c0ea4af37e","contentHash":"2c7219d9de31952fbd5f7837b71b0b85_11.2.1"},"/Users/Mora/Workspace/node/vscode/dot-template/src/core/Render.ts":{"path":"/Users/Mora/Workspace/node/vscode/dot-template/src/core/Render.ts","statementMap":{"0":{"start":{"line":2,"column":0},"end":{"line":2,"column":62}},"1":{"start":{"line":3,"column":14},"end":{"line":3,"column":55}},"2":{"start":{"line":4,"column":9},"end":{"line":4,"column":28}},"3":{"start":{"line":5,"column":25},"end":{"line":5,"column":73}},"4":{"start":{"line":7,"column":0},"end":{"line":11,"column":53}},"5":{"start":{"line":8,"column":4},"end":{"line":8,"column":40}},"6":{"start":{"line":9,"column":4},"end":{"line":9,"column":38}},"7":{"start":{"line":10,"column":4},"end":{"line":10,"column":38}},"8":{"start":{"line":12,"column":28},"end":{"line":75,"column":3}},"9":{"start":{"line":14,"column":8},"end":{"line":14,"column":23}},"10":{"start":{"line":16,"column":4},"end":{"line":25,"column":6}},"11":{"start":{"line":17,"column":17},"end":{"line":17,"column":65}},"12":{"start":{"line":18,"column":8},"end":{"line":23,"column":30}},"13":{"start":{"line":19,"column":12},"end":{"line":19,"column":31}},"14":{"start":{"line":20,"column":13},"end":{"line":23,"column":30}},"15":{"start":{"line":21,"column":12},"end":{"line":21,"column":30}},"16":{"start":{"line":22,"column":13},"end":{"line":23,"column":30}},"17":{"start":{"line":23,"column":12},"end":{"line":23,"column":30}},"18":{"start":{"line":24,"column":8},"end":{"line":24,"column":20}},"19":{"start":{"line":26,"column":4},"end":{"line":39,"column":6}},"20":{"start":{"line":27,"column":18},"end":{"line":27,"column":19}},"21":{"start":{"line":28,"column":17},"end":{"line":28,"column":65}},"22":{"start":{"line":29,"column":8},"end":{"line":37,"column":9}},"23":{"start":{"line":30,"column":12},"end":{"line":30,"column":32}},"24":{"start":{"line":32,"column":13},"end":{"line":37,"column":9}},"25":{"start":{"line":33,"column":12},"end":{"line":33,"column":33}},"26":{"start":{"line":35,"column":13},"end":{"line":37,"column":9}},"27":{"start":{"line":36,"column":12},"end":{"line":36,"column":32}},"28":{"start":{"line":38,"column":8},"end":{"line":38,"column":49}},"29":{"start":{"line":40,"column":4},"end":{"line":46,"column":6}},"30":{"start":{"line":41,"column":21},"end":{"line":41,"column":58}},"31":{"start":{"line":42,"column":22},"end":{"line":42,"column":54}},"32":{"start":{"line":43,"column":8},"end":{"line":44,"column":27}},"33":{"start":{"line":44,"column":12},"end":{"line":44,"column":27}},"34":{"start":{"line":45,"column":8},"end":{"line":45,"column":57}},"35":{"start":{"line":47,"column":4},"end":{"line":56,"column":6}},"36":{"start":{"line":48,"column":8},"end":{"line":55,"column":27}},"37":{"start":{"line":49,"column":12},"end":{"line":49,"column":57}},"38":{"start":{"line":50,"column":13},"end":{"line":55,"column":27}},"39":{"start":{"line":51,"column":12},"end":{"line":51,"column":56}},"40":{"start":{"line":52,"column":13},"end":{"line":55,"column":27}},"41":{"start":{"line":53,"column":12},"end":{"line":53,"column":56}},"42":{"start":{"line":55,"column":12},"end":{"line":55,"column":27}},"43":{"start":{"line":57,"column":4},"end":{"line":66,"column":6}},"44":{"start":{"line":58,"column":8},"end":{"line":65,"column":11}},"45":{"start":{"line":59,"column":22},"end":{"line":59,"column":34}},"46":{"start":{"line":60,"column":12},"end":{"line":61,"column":33}},"47":{"start":{"line":61,"column":16},"end":{"line":61,"column":33}},"48":{"start":{"line":62,"column":12},"end":{"line":63,"column":46}},"49":{"start":{"line":63,"column":16},"end":{"line":63,"column":46}},"50":{"start":{"line":64,"column":12},"end":{"line":64,"column":23}},"51":{"start":{"line":67,"column":4},"end":{"line":69,"column":6}},"52":{"start":{"line":68,"column":8},"end":{"line":68,"column":57}},"53":{"start":{"line":70,"column":4},"end":{"line":73,"column":6}},"54":{"start":{"line":71,"column":8},"end":{"line":71,"column":56}},"55":{"start":{"line":72,"column":8},"end":{"line":72,"column":23}},"56":{"start":{"line":74,"column":4},"end":{"line":74,"column":18}},"57":{"start":{"line":76,"column":0},"end":{"line":76,"column":24}}},"fnMap":{"0":{"name":"(anonymous_0)","decl":{"start":{"line":7,"column":1},"end":{"line":7,"column":2}},"loc":{"start":{"line":7,"column":19},"end":{"line":11,"column":1}},"line":7},"1":{"name":"(anonymous_1)","decl":{"start":{"line":12,"column":28},"end":{"line":12,"column":29}},"loc":{"start":{"line":12,"column":40},"end":{"line":75,"column":1}},"line":12},"2":{"name":"Render","decl":{"start":{"line":13,"column":13},"end":{"line":13,"column":19}},"loc":{"start":{"line":13,"column":25},"end":{"line":15,"column":5}},"line":13},"3":{"name":"(anonymous_3)","decl":{"start":{"line":16,"column":50},"end":{"line":16,"column":51}},"loc":{"start":{"line":16,"column":66},"end":{"line":25,"column":5}},"line":16},"4":{"name":"(anonymous_4)","decl":{"start":{"line":26,"column":49},"end":{"line":26,"column":50}},"loc":{"start":{"line":26,"column":65},"end":{"line":39,"column":5}},"line":26},"5":{"name":"(anonymous_5)","decl":{"start":{"line":40,"column":34},"end":{"line":40,"column":35}},"loc":{"start":{"line":40,"column":56},"end":{"line":46,"column":5}},"line":40},"6":{"name":"(anonymous_6)","decl":{"start":{"line":47,"column":37},"end":{"line":47,"column":38}},"loc":{"start":{"line":47,"column":70},"end":{"line":56,"column":5}},"line":47},"7":{"name":"(anonymous_7)","decl":{"start":{"line":57,"column":41},"end":{"line":57,"column":42}},"loc":{"start":{"line":57,"column":66},"end":{"line":66,"column":5}},"line":57},"8":{"name":"(anonymous_8)","decl":{"start":{"line":58,"column":51},"end":{"line":58,"column":52}},"loc":{"start":{"line":58,"column":78},"end":{"line":65,"column":9}},"line":58},"9":{"name":"(anonymous_9)","decl":{"start":{"line":67,"column":40},"end":{"line":67,"column":41}},"loc":{"start":{"line":67,"column":65},"end":{"line":69,"column":5}},"line":67},"10":{"name":"(anonymous_10)","decl":{"start":{"line":70,"column":40},"end":{"line":70,"column":41}},"loc":{"start":{"line":70,"column":65},"end":{"line":73,"column":5}},"line":70}},"branchMap":{"0":{"loc":{"start":{"line":11,"column":12},"end":{"line":11,"column":51}},"type":"binary-expr","locations":[{"start":{"line":11,"column":12},"end":{"line":11,"column":26}},{"start":{"line":11,"column":31},"end":{"line":11,"column":50}}],"line":11},"1":{"loc":{"start":{"line":18,"column":8},"end":{"line":23,"column":30}},"type":"if","locations":[{"start":{"line":18,"column":8},"end":{"line":23,"column":30}},{"start":{"line":18,"column":8},"end":{"line":23,"column":30}}],"line":18},"2":{"loc":{"start":{"line":20,"column":13},"end":{"line":23,"column":30}},"type":"if","locations":[{"start":{"line":20,"column":13},"end":{"line":23,"column":30}},{"start":{"line":20,"column":13},"end":{"line":23,"column":30}}],"line":20},"3":{"loc":{"start":{"line":22,"column":13},"end":{"line":23,"column":30}},"type":"if","locations":[{"start":{"line":22,"column":13},"end":{"line":23,"column":30}},{"start":{"line":22,"column":13},"end":{"line":23,"column":30}}],"line":22},"4":{"loc":{"start":{"line":29,"column":8},"end":{"line":37,"column":9}},"type":"if","locations":[{"start":{"line":29,"column":8},"end":{"line":37,"column":9}},{"start":{"line":29,"column":8},"end":{"line":37,"column":9}}],"line":29},"5":{"loc":{"start":{"line":32,"column":13},"end":{"line":37,"column":9}},"type":"if","locations":[{"start":{"line":32,"column":13},"end":{"line":37,"column":9}},{"start":{"line":32,"column":13},"end":{"line":37,"column":9}}],"line":32},"6":{"loc":{"start":{"line":35,"column":13},"end":{"line":37,"column":9}},"type":"if","locations":[{"start":{"line":35,"column":13},"end":{"line":37,"column":9}},{"start":{"line":35,"column":13},"end":{"line":37,"column":9}}],"line":35},"7":{"loc":{"start":{"line":43,"column":8},"end":{"line":44,"column":27}},"type":"if","locations":[{"start":{"line":43,"column":8},"end":{"line":44,"column":27}},{"start":{"line":43,"column":8},"end":{"line":44,"column":27}}],"line":43},"8":{"loc":{"start":{"line":48,"column":8},"end":{"line":55,"column":27}},"type":"if","locations":[{"start":{"line":48,"column":8},"end":{"line":55,"column":27}},{"start":{"line":48,"column":8},"end":{"line":55,"column":27}}],"line":48},"9":{"loc":{"start":{"line":50,"column":13},"end":{"line":55,"column":27}},"type":"if","locations":[{"start":{"line":50,"column":13},"end":{"line":55,"column":27}},{"start":{"line":50,"column":13},"end":{"line":55,"column":27}}],"line":50},"10":{"loc":{"start":{"line":52,"column":13},"end":{"line":55,"column":27}},"type":"if","locations":[{"start":{"line":52,"column":13},"end":{"line":55,"column":27}},{"start":{"line":52,"column":13},"end":{"line":55,"column":27}}],"line":52},"11":{"loc":{"start":{"line":59,"column":22},"end":{"line":59,"column":34}},"type":"binary-expr","locations":[{"start":{"line":59,"column":22},"end":{"line":59,"column":26}},{"start":{"line":59,"column":30},"end":{"line":59,"column":34}}],"line":59},"12":{"loc":{"start":{"line":60,"column":12},"end":{"line":61,"column":33}},"type":"if","locations":[{"start":{"line":60,"column":12},"end":{"line":61,"column":33}},{"start":{"line":60,"column":12},"end":{"line":61,"column":33}}],"line":60},"13":{"loc":{"start":{"line":62,"column":12},"end":{"line":63,"column":46}},"type":"if","locations":[{"start":{"line":62,"column":12},"end":{"line":63,"column":46}},{"start":{"line":62,"column":12},"end":{"line":63,"column":46}}],"line":62},"14":{"loc":{"start":{"line":62,"column":16},"end":{"line":62,"column":62}},"type":"binary-expr","locations":[{"start":{"line":62,"column":16},"end":{"line":62,"column":36}},{"start":{"line":62,"column":40},"end":{"line":62,"column":62}}],"line":62}},"s":{"0":1,"1":1,"2":1,"3":1,"4":1,"5":1,"6":1,"7":1,"8":1,"9":7,"10":1,"11":6,"12":6,"13":2,"14":4,"15":0,"16":4,"17":0,"18":4,"19":1,"20":6,"21":6,"22":6,"23":0,"24":6,"25":2,"26":4,"27":0,"28":6,"29":1,"30":0,"31":0,"32":0,"33":0,"34":0,"35":1,"36":6,"37":2,"38":4,"39":0,"40":4,"41":0,"42":4,"43":1,"44":8,"45":4,"46":4,"47":4,"48":0,"49":0,"50":0,"51":1,"52":0,"53":1,"54":0,"55":0,"56":1,"57":1},"f":{"0":1,"1":1,"2":7,"3":6,"4":6,"5":0,"6":6,"7":8,"8":4,"9":0,"10":0},"b":{"0":[1,1],"1":[2,4],"2":[0,4],"3":[0,4],"4":[0,6],"5":[2,4],"6":[0,4],"7":[0,0],"8":[2,4],"9":[0,4],"10":[0,4],"11":[4,4],"12":[4,0],"13":[0,0],"14":[0,0]},"_coverageSchema":"332fd63041d2c1bcb487cc26dd0d5f7d97098a6c","hash":"e6dc1f2df3b3c2389276aff9cdc2cb709b897c79","contentHash":"3305a77e123ea7599d1b271265bfe879_11.2.1"},"/Users/Mora/Workspace/node/vscode/dot-template/src/core/file/index.ts":{"path":"/Users/Mora/Workspace/node/vscode/dot-template/src/core/file/index.ts","statementMap":{"0":{"start":{"line":2,"column":0},"end":{"line":2,"column":62}},"1":{"start":{"line":3,"column":14},"end":{"line":3,"column":30}},"2":{"start":{"line":4,"column":0},"end":{"line":4,"column":51}},"3":{"start":{"line":5,"column":0},"end":{"line":5,"column":53}}},"fnMap":{},"branchMap":{},"s":{"0":1,"1":1,"2":1,"3":1},"f":{},"b":{},"_coverageSchema":"332fd63041d2c1bcb487cc26dd0d5f7d97098a6c","hash":"9ffc48db599eed9a1eeb46a7d367dfabea9249a6","contentHash":"262d752bbfdb8d855867e600a352b9b9_11.2.1"},"/Users/Mora/Workspace/node/vscode/dot-template/src/core/Editor.ts":{"path":"/Users/Mora/Workspace/node/vscode/dot-template/src/core/Editor.ts","statementMap":{"0":{"start":{"line":2,"column":0},"end":{"line":2,"column":62}},"1":{"start":{"line":3,"column":14},"end":{"line":3,"column":30}},"2":{"start":{"line":4,"column":9},"end":{"line":4,"column":28}},"3":{"start":{"line":5,"column":11},"end":{"line":5,"column":26}},"4":{"start":{"line":6,"column":9},"end":{"line":6,"column":22}},"5":{"start":{"line":7,"column":12},"end":{"line":7,"column":50}},"6":{"start":{"line":8,"column":28},"end":{"line":106,"column":3}},"7":{"start":{"line":10,"column":8},"end":{"line":10,"column":33}},"8":{"start":{"line":11,"column":8},"end":{"line":11,"column":26}},"9":{"start":{"line":12,"column":8},"end":{"line":26,"column":10}},"10":{"start":{"line":28,"column":4},"end":{"line":30,"column":6}},"11":{"start":{"line":29,"column":8},"end":{"line":29,"column":50}},"12":{"start":{"line":38,"column":4},"end":{"line":40,"column":6}},"13":{"start":{"line":39,"column":8},"end":{"line":39,"column":40}},"14":{"start":{"line":44,"column":4},"end":{"line":50,"column":6}},"15":{"start":{"line":45,"column":8},"end":{"line":49,"column":11}},"16":{"start":{"line":46,"column":12},"end":{"line":48,"column":15}},"17":{"start":{"line":47,"column":16},"end":{"line":47,"column":44}},"18":{"start":{"line":54,"column":4},"end":{"line":60,"column":6}},"19":{"start":{"line":55,"column":8},"end":{"line":59,"column":11}},"20":{"start":{"line":56,"column":12},"end":{"line":58,"column":15}},"21":{"start":{"line":57,"column":16},"end":{"line":57,"column":44}},"22":{"start":{"line":67,"column":4},"end":{"line":74,"column":6}},"23":{"start":{"line":68,"column":8},"end":{"line":73,"column":11}},"24":{"start":{"line":69,"column":12},"end":{"line":72,"column":15}},"25":{"start":{"line":70,"column":16},"end":{"line":70,"column":48}},"26":{"start":{"line":71,"column":16},"end":{"line":71,"column":44}},"27":{"start":{"line":82,"column":4},"end":{"line":84,"column":6}},"28":{"start":{"line":83,"column":8},"end":{"line":83,"column":48}},"29":{"start":{"line":88,"column":4},"end":{"line":90,"column":6}},"30":{"start":{"line":89,"column":8},"end":{"line":89,"column":21}},"31":{"start":{"line":91,"column":4},"end":{"line":93,"column":6}},"32":{"start":{"line":92,"column":8},"end":{"line":92,"column":41}},"33":{"start":{"line":94,"column":4},"end":{"line":96,"column":6}},"34":{"start":{"line":95,"column":8},"end":{"line":95,"column":42}},"35":{"start":{"line":97,"column":4},"end":{"line":99,"column":6}},"36":{"start":{"line":98,"column":8},"end":{"line":98,"column":42}},"37":{"start":{"line":100,"column":4},"end":{"line":104,"column":6}},"38":{"start":{"line":101,"column":8},"end":{"line":101,"column":23}},"39":{"start":{"line":102,"column":8},"end":{"line":103,"column":29}},"40":{"start":{"line":103,"column":12},"end":{"line":103,"column":29}},"41":{"start":{"line":105,"column":4},"end":{"line":105,"column":18}},"42":{"start":{"line":107,"column":0},"end":{"line":107,"column":24}}},"fnMap":{"0":{"name":"(anonymous_0)","decl":{"start":{"line":8,"column":28},"end":{"line":8,"column":29}},"loc":{"start":{"line":8,"column":40},"end":{"line":106,"column":1}},"line":8},"1":{"name":"Editor","decl":{"start":{"line":9,"column":13},"end":{"line":9,"column":19}},"loc":{"start":{"line":9,"column":30},"end":{"line":27,"column":5}},"line":9},"2":{"name":"(anonymous_2)","decl":{"start":{"line":28,"column":43},"end":{"line":28,"column":44}},"loc":{"start":{"line":28,"column":59},"end":{"line":30,"column":5}},"line":28},"3":{"name":"(anonymous_3)","decl":{"start":{"line":38,"column":40},"end":{"line":38,"column":41}},"loc":{"start":{"line":38,"column":56},"end":{"line":40,"column":5}},"line":38},"4":{"name":"(anonymous_4)","decl":{"start":{"line":44,"column":37},"end":{"line":44,"column":38}},"loc":{"start":{"line":44,"column":53},"end":{"line":50,"column":5}},"line":44},"5":{"name":"(anonymous_5)","decl":{"start":{"line":45,"column":55},"end":{"line":45,"column":56}},"loc":{"start":{"line":45,"column":67},"end":{"line":49,"column":9}},"line":45},"6":{"name":"(anonymous_6)","decl":{"start":{"line":46,"column":45},"end":{"line":46,"column":46}},"loc":{"start":{"line":46,"column":59},"end":{"line":48,"column":13}},"line":46},"7":{"name":"(anonymous_7)","decl":{"start":{"line":54,"column":38},"end":{"line":54,"column":39}},"loc":{"start":{"line":54,"column":54},"end":{"line":60,"column":5}},"line":54},"8":{"name":"(anonymous_8)","decl":{"start":{"line":55,"column":55},"end":{"line":55,"column":56}},"loc":{"start":{"line":55,"column":67},"end":{"line":59,"column":9}},"line":55},"9":{"name":"(anonymous_9)","decl":{"start":{"line":56,"column":45},"end":{"line":56,"column":46}},"loc":{"start":{"line":56,"column":59},"end":{"line":58,"column":13}},"line":56},"10":{"name":"(anonymous_10)","decl":{"start":{"line":67,"column":43},"end":{"line":67,"column":44}},"loc":{"start":{"line":67,"column":68},"end":{"line":74,"column":5}},"line":67},"11":{"name":"(anonymous_11)","decl":{"start":{"line":68,"column":55},"end":{"line":68,"column":56}},"loc":{"start":{"line":68,"column":67},"end":{"line":73,"column":9}},"line":68},"12":{"name":"(anonymous_12)","decl":{"start":{"line":69,"column":45},"end":{"line":69,"column":46}},"loc":{"start":{"line":69,"column":59},"end":{"line":72,"column":13}},"line":69},"13":{"name":"(anonymous_13)","decl":{"start":{"line":82,"column":38},"end":{"line":82,"column":39}},"loc":{"start":{"line":82,"column":54},"end":{"line":84,"column":5}},"line":82},"14":{"name":"(anonymous_14)","decl":{"start":{"line":88,"column":32},"end":{"line":88,"column":33}},"loc":{"start":{"line":88,"column":48},"end":{"line":90,"column":5}},"line":88},"15":{"name":"(anonymous_15)","decl":{"start":{"line":91,"column":29},"end":{"line":91,"column":30}},"loc":{"start":{"line":91,"column":48},"end":{"line":93,"column":5}},"line":91},"16":{"name":"(anonymous_16)","decl":{"start":{"line":94,"column":28},"end":{"line":94,"column":29}},"loc":{"start":{"line":94,"column":47},"end":{"line":96,"column":5}},"line":94},"17":{"name":"(anonymous_17)","decl":{"start":{"line":97,"column":31},"end":{"line":97,"column":32}},"loc":{"start":{"line":97,"column":50},"end":{"line":99,"column":5}},"line":97},"18":{"name":"(anonymous_18)","decl":{"start":{"line":100,"column":29},"end":{"line":100,"column":30}},"loc":{"start":{"line":100,"column":51},"end":{"line":104,"column":5}},"line":100}},"branchMap":{"0":{"loc":{"start":{"line":102,"column":8},"end":{"line":103,"column":29}},"type":"if","locations":[{"start":{"line":102,"column":8},"end":{"line":103,"column":29}},{"start":{"line":102,"column":8},"end":{"line":103,"column":29}}],"line":102}},"s":{"0":1,"1":1,"2":1,"3":1,"4":1,"5":1,"6":1,"7":7,"8":7,"9":7,"10":1,"11":20,"12":1,"13":0,"14":1,"15":0,"16":0,"17":0,"18":1,"19":0,"20":0,"21":0,"22":1,"23":0,"24":0,"25":0,"26":0,"27":1,"28":6,"29":1,"30":0,"31":1,"32":0,"33":1,"34":0,"35":1,"36":0,"37":1,"38":0,"39":0,"40":0,"41":1,"42":1},"f":{"0":1,"1":7,"2":20,"3":0,"4":0,"5":0,"6":0,"7":0,"8":0,"9":0,"10":0,"11":0,"12":0,"13":6,"14":0,"15":0,"16":0,"17":0,"18":0},"b":{"0":[0,0]},"_coverageSchema":"332fd63041d2c1bcb487cc26dd0d5f7d97098a6c","hash":"93f0b4c3a6e2ba8a15969c668cff512d1911c22b","contentHash":"db47d76c939a10298a76d2cc61047dd9_11.2.1"}}